2018-09-19 02:27:27 8200 [Note] Plugin 'FEDERATED' is disabled.
2018-09-19 02:27:27 8200 [Note] InnoDB: Using atomics to ref count buffer pool pages
2018-09-19 02:27:27 8200 [Note] InnoDB: The InnoDB memory heap is disabled
2018-09-19 02:27:27 8200 [Note] InnoDB: Mutexes and rw_locks use Windows interlocked functions
2018-09-19 02:27:27 8200 [Note] InnoDB: Memory barrier is not used
2018-09-19 02:27:27 8200 [Note] InnoDB: Compressed tables use zlib 1.2.3
2018-09-19 02:27:27 8200 [Note] InnoDB: Not using CPU crc32 instructions
2018-09-19 02:27:27 8200 [Note] InnoDB: Initializing buffer pool, size = 128.0M
2018-09-19 02:27:27 8200 [Note] InnoDB: Completed initialization of buffer pool
2018-09-19 02:27:27 8200 [Note] InnoDB: Setting log file C:\Users\KIIT\Desktop\usbwebserver\mysql\data\ib_logfile101 size to 5 MB
2018-09-19 02:27:28 8200 [Note] InnoDB: Setting log file C:\Users\KIIT\Desktop\usbwebserver\mysql\data\ib_logfile1 size to 5 MB
2018-09-19 02:27:28 8200 [Note] InnoDB: Renaming log file C:\Users\KIIT\Desktop\usbwebserver\mysql\data\ib_logfile101 to C:\Users\KIIT\Desktop\usbwebserver\mysql\data\ib_logfile0
2018-09-19 02:27:28 8200 [Warning] InnoDB: New log files created, LSN=1626134
2018-09-19 02:27:28 8200 [Note] InnoDB: Highest supported file format is Barracuda.
2018-09-19 02:27:28 2cf8 InnoDB: Error: page 5 log sequence number 1626646
InnoDB: is in the future! Current system log sequence number 1626636.
InnoDB: Your database may be corrupt or you may have copied the InnoDB
InnoDB: tablespace but not the InnoDB log files. See
InnoDB: http://dev.mysql.com/doc/refman/5.6/en/forcing-innodb-recovery.html
InnoDB: for more information.
2018-09-19 02:27:28 8200 [Note] InnoDB: 128 rollback segment(s) are active.
2018-09-19 02:27:28 8200 [Note] InnoDB: Waiting for purge to start
2018-09-19 02:27:28 8200 [Note] InnoDB: 5.6.34 started; log sequence number 1626636
2018-09-19 02:27:28 8200 [Warning] No existing UUID has been found, so we assume that this is the first time that this server has been started. Generating a new UUID: 73c52c02-bb85-11e8-a451-1568c9b83e0e.
2018-09-19 02:27:28 8200 [Note] Server hostname (bind-address): '*'; port: 3306
2018-09-19 02:27:28 8200 [Note] IPv6 is available.
2018-09-19 02:27:28 8200 [Note]   - '::' resolves to '::';
2018-09-19 02:27:28 8200 [Note] Server socket created on IP: '::'.
2018-09-19 02:29:02 9248 [Note] Plugin 'FEDERATED' is disabled.
2018-09-19 02:29:02 9248 [Note] InnoDB: Using atomics to ref count buffer pool pages
2018-09-19 02:29:02 9248 [Note] InnoDB: The InnoDB memory heap is disabled
2018-09-19 02:29:02 9248 [Note] InnoDB: Mutexes and rw_locks use Windows interlocked functions
2018-09-19 02:29:02 9248 [Note] InnoDB: Memory barrier is not used
2018-09-19 02:29:02 9248 [Note] InnoDB: Compressed tables use zlib 1.2.3
2018-09-19 02:29:02 9248 [Note] InnoDB: Not using CPU crc32 instructions
2018-09-19 02:29:02 9248 [Note] InnoDB: Initializing buffer pool, size = 128.0M
2018-09-19 02:29:02 9248 [Note] InnoDB: Completed initialization of buffer pool
2018-09-19 02:29:02 9248 [Note] InnoDB: Highest supported file format is Barracuda.
2018-09-19 02:29:02 9248 [Note] InnoDB: The log sequence numbers 1626134 and 1626134 in ibdata files do not match the log sequence number 1626646 in the ib_logfiles!
2018-09-19 02:29:02 9248 [Note] InnoDB: Database was not shutdown normally!
2018-09-19 02:29:02 9248 [Note] InnoDB: Starting crash recovery.
2018-09-19 02:29:02 9248 [Note] InnoDB: Reading tablespace information from the .ibd files...
2018-09-19 02:29:02 9248 [Note] InnoDB: Restoring possible half-written data pages 
2018-09-19 02:29:02 9248 [Note] InnoDB: from the doublewrite buffer...
2018-09-19 02:29:02 9248 [Note] InnoDB: 128 rollback segment(s) are active.
2018-09-19 02:29:02 9248 [Note] InnoDB: Waiting for purge to start
2018-09-19 02:29:02 9248 [Note] InnoDB: 5.6.34 started; log sequence number 1626646
2018-09-19 02:29:02 9248 [Note] Server hostname (bind-address): '*'; port: 3306
2018-09-19 02:29:02 9248 [Note] IPv6 is available.
2018-09-19 02:29:02 9248 [Note]   - '::' resolves to '::';
2018-09-19 02:29:02 9248 [Note] Server socket created on IP: '::'.
2018-09-19 22:35:18 4736 [Note] Plugin 'FEDERATED' is disabled.
2018-09-19 22:35:18 4736 [Note] InnoDB: Using atomics to ref count buffer pool pages
2018-09-19 22:35:18 4736 [Note] InnoDB: The InnoDB memory heap is disabled
2018-09-19 22:35:18 4736 [Note] InnoDB: Mutexes and rw_locks use Windows interlocked functions
2018-09-19 22:35:18 4736 [Note] InnoDB: Memory barrier is not used
2018-09-19 22:35:18 4736 [Note] InnoDB: Compressed tables use zlib 1.2.3
2018-09-19 22:35:18 4736 [Note] InnoDB: Not using CPU crc32 instructions
2018-09-19 22:35:18 4736 [Note] InnoDB: Initializing buffer pool, size = 128.0M
2018-09-19 22:35:18 4736 [Note] InnoDB: Completed initialization of buffer pool
2018-09-19 22:35:18 4736 [Note] InnoDB: Highest supported file format is Barracuda.
2018-09-19 22:35:18 4736 [Note] InnoDB: The log sequence numbers 1626134 and 1626134 in ibdata files do not match the log sequence number 1626656 in the ib_logfiles!
2018-09-19 22:35:18 4736 [Note] InnoDB: Database was not shutdown normally!
2018-09-19 22:35:18 4736 [Note] InnoDB: Starting crash recovery.
2018-09-19 22:35:18 4736 [Note] InnoDB: Reading tablespace information from the .ibd files...
2018-09-19 22:35:18 4736 [Note] InnoDB: Restoring possible half-written data pages 
2018-09-19 22:35:18 4736 [Note] InnoDB: from the doublewrite buffer...
2018-09-19 22:35:19 4736 [Note] InnoDB: 128 rollback segment(s) are active.
2018-09-19 22:35:19 4736 [Note] InnoDB: Waiting for purge to start
2018-09-19 22:35:19 4736 [Note] InnoDB: 5.6.34 started; log sequence number 1626656
2018-09-19 22:35:19 4736 [Note] Server hostname (bind-address): '*'; port: 3306
2018-09-19 22:35:19 4736 [Note] IPv6 is available.
2018-09-19 22:35:19 4736 [Note]   - '::' resolves to '::';
2018-09-19 22:35:19 4736 [Note] Server socket created on IP: '::'.
2018-09-20 01:25:52 3260 [Note] Plugin 'FEDERATED' is disabled.
2018-09-20 01:25:52 3260 [Note] InnoDB: Using atomics to ref count buffer pool pages
2018-09-20 01:25:52 3260 [Note] InnoDB: The InnoDB memory heap is disabled
2018-09-20 01:25:52 3260 [Note] InnoDB: Mutexes and rw_locks use Windows interlocked functions
2018-09-20 01:25:52 3260 [Note] InnoDB: Memory barrier is not used
2018-09-20 01:25:52 3260 [Note] InnoDB: Compressed tables use zlib 1.2.3
2018-09-20 01:25:52 3260 [Note] InnoDB: Not using CPU crc32 instructions
2018-09-20 01:25:52 3260 [Note] InnoDB: Initializing buffer pool, size = 128.0M
2018-09-20 01:25:52 3260 [Note] InnoDB: Completed initialization of buffer pool
2018-09-20 01:25:52 3260 [Note] InnoDB: Highest supported file format is Barracuda.
2018-09-20 01:25:52 3260 [Note] InnoDB: The log sequence numbers 1626134 and 1626134 in ibdata files do not match the log sequence number 1626666 in the ib_logfiles!
2018-09-20 01:25:52 3260 [Note] InnoDB: Database was not shutdown normally!
2018-09-20 01:25:52 3260 [Note] InnoDB: Starting crash recovery.
2018-09-20 01:25:52 3260 [Note] InnoDB: Reading tablespace information from the .ibd files...
2018-09-20 01:25:52 3260 [Note] InnoDB: Restoring possible half-written data pages 
2018-09-20 01:25:52 3260 [Note] InnoDB: from the doublewrite buffer...
2018-09-20 01:25:52 3260 [Note] InnoDB: 128 rollback segment(s) are active.
2018-09-20 01:25:52 3260 [Note] InnoDB: Waiting for purge to start
2018-09-20 01:25:52 3260 [Note] InnoDB: 5.6.34 started; log sequence number 1626666
2018-09-20 01:25:52 3260 [Note] Server hostname (bind-address): '*'; port: 3306
2018-09-20 01:25:52 3260 [Note] IPv6 is available.
2018-09-20 01:25:52 3260 [Note]   - '::' resolves to '::';
2018-09-20 01:25:52 3260 [Note] Server socket created on IP: '::'.
2018-09-20 02:11:15 12512 [Note] Plugin 'FEDERATED' is disabled.
2018-09-20 02:11:15 12512 [Note] InnoDB: Using atomics to ref count buffer pool pages
2018-09-20 02:11:15 12512 [Note] InnoDB: The InnoDB memory heap is disabled
2018-09-20 02:11:15 12512 [Note] InnoDB: Mutexes and rw_locks use Windows interlocked functions
2018-09-20 02:11:15 12512 [Note] InnoDB: Memory barrier is not used
2018-09-20 02:11:15 12512 [Note] InnoDB: Compressed tables use zlib 1.2.3
2018-09-20 02:11:15 12512 [Note] InnoDB: Not using CPU crc32 instructions
2018-09-20 02:11:15 12512 [Note] InnoDB: Initializing buffer pool, size = 128.0M
2018-09-20 02:11:15 12512 [Note] InnoDB: Completed initialization of buffer pool
2018-09-20 02:11:15 12512 [Note] InnoDB: Highest supported file format is Barracuda.
2018-09-20 02:11:15 12512 [Note] InnoDB: The log sequence numbers 1626134 and 1626134 in ibdata files do not match the log sequence number 1633424 in the ib_logfiles!
2018-09-20 02:11:15 12512 [Note] InnoDB: Database was not shutdown normally!
2018-09-20 02:11:15 12512 [Note] InnoDB: Starting crash recovery.
2018-09-20 02:11:15 12512 [Note] InnoDB: Reading tablespace information from the .ibd files...
2018-09-20 02:11:15 12512 [Note] InnoDB: Restoring possible half-written data pages 
2018-09-20 02:11:15 12512 [Note] InnoDB: from the doublewrite buffer...
2018-09-20 02:11:15 12512 [Note] InnoDB: 128 rollback segment(s) are active.
2018-09-20 02:11:15 12512 [Note] InnoDB: Waiting for purge to start
2018-09-20 02:11:15 12512 [Note] InnoDB: 5.6.34 started; log sequence number 1633424
2018-09-20 02:11:15 12512 [Note] Server hostname (bind-address): '*'; port: 3306
2018-09-20 02:11:15 12512 [Note] IPv6 is available.
2018-09-20 02:11:15 12512 [Note]   - '::' resolves to '::';
2018-09-20 02:11:15 12512 [Note] Server socket created on IP: '::'.
2018-09-20 16:26:52 11096 [Note] Plugin 'FEDERATED' is disabled.
2018-09-20 16:26:52 11096 [Note] InnoDB: Using atomics to ref count buffer pool pages
2018-09-20 16:26:52 11096 [Note] InnoDB: The InnoDB memory heap is disabled
2018-09-20 16:26:52 11096 [Note] InnoDB: Mutexes and rw_locks use Windows interlocked functions
2018-09-20 16:26:52 11096 [Note] InnoDB: Memory barrier is not used
2018-09-20 16:26:52 11096 [Note] InnoDB: Compressed tables use zlib 1.2.3
2018-09-20 16:26:52 11096 [Note] InnoDB: Not using CPU crc32 instructions
2018-09-20 16:26:52 11096 [Note] InnoDB: Initializing buffer pool, size = 128.0M
2018-09-20 16:26:52 11096 [Note] InnoDB: Completed initialization of buffer pool
2018-09-20 16:26:52 11096 [Note] InnoDB: Highest supported file format is Barracuda.
2018-09-20 16:26:52 11096 [Note] InnoDB: The log sequence numbers 1626134 and 1626134 in ibdata files do not match the log sequence number 1659413 in the ib_logfiles!
2018-09-20 16:26:53 11096 [Note] InnoDB: Database was not shutdown normally!
2018-09-20 16:26:53 11096 [Note] InnoDB: Starting crash recovery.
2018-09-20 16:26:53 11096 [Note] InnoDB: Reading tablespace information from the .ibd files...
2018-09-20 16:26:53 11096 [Note] InnoDB: Restoring possible half-written data pages 
2018-09-20 16:26:53 11096 [Note] InnoDB: from the doublewrite buffer...
2018-09-20 16:26:53 11096 [Note] InnoDB: 128 rollback segment(s) are active.
2018-09-20 16:26:53 11096 [Note] InnoDB: Waiting for purge to start
2018-09-20 16:26:53 11096 [Note] InnoDB: 5.6.34 started; log sequence number 1659413
2018-09-20 16:26:53 11096 [Note] Server hostname (bind-address): '*'; port: 3306
2018-09-20 16:26:53 11096 [Note] IPv6 is available.
2018-09-20 16:26:53 11096 [Note]   - '::' resolves to '::';
2018-09-20 16:26:53 11096 [Note] Server socket created on IP: '::'.
2018-09-20 16:32:17 9812 [Note] Plugin 'FEDERATED' is disabled.
2018-09-20 16:32:17 9812 [Note] InnoDB: Using atomics to ref count buffer pool pages
2018-09-20 16:32:17 9812 [Note] InnoDB: The InnoDB memory heap is disabled
2018-09-20 16:32:17 9812 [Note] InnoDB: Mutexes and rw_locks use Windows interlocked functions
2018-09-20 16:32:17 9812 [Note] InnoDB: Memory barrier is not used
2018-09-20 16:32:17 9812 [Note] InnoDB: Compressed tables use zlib 1.2.3
2018-09-20 16:32:17 9812 [Note] InnoDB: Not using CPU crc32 instructions
2018-09-20 16:32:17 9812 [Note] InnoDB: Initializing buffer pool, size = 128.0M
2018-09-20 16:32:17 9812 [Note] InnoDB: Completed initialization of buffer pool
2018-09-20 16:32:17 9812 [Note] InnoDB: Highest supported file format is Barracuda.
2018-09-20 16:32:17 9812 [Note] InnoDB: The log sequence numbers 1626134 and 1626134 in ibdata files do not match the log sequence number 1659616 in the ib_logfiles!
2018-09-20 16:32:17 9812 [Note] InnoDB: Database was not shutdown normally!
2018-09-20 16:32:17 9812 [Note] InnoDB: Starting crash recovery.
2018-09-20 16:32:17 9812 [Note] InnoDB: Reading tablespace information from the .ibd files...
2018-09-20 16:32:17 9812 [Note] InnoDB: Restoring possible half-written data pages 
2018-09-20 16:32:17 9812 [Note] InnoDB: from the doublewrite buffer...
2018-09-20 16:32:17 9812 [Note] InnoDB: 128 rollback segment(s) are active.
2018-09-20 16:32:17 9812 [Note] InnoDB: Waiting for purge to start
2018-09-20 16:32:17 9812 [Note] InnoDB: 5.6.34 started; log sequence number 1659616
2018-09-20 16:32:17 9812 [Note] Server hostname (bind-address): '*'; port: 3306
2018-09-20 16:32:17 9812 [Note] IPv6 is available.
2018-09-20 16:32:17 9812 [Note]   - '::' resolves to '::';
2018-09-20 16:32:17 9812 [Note] Server socket created on IP: '::'.
2018-09-20 18:29:14 12100 [Note] Plugin 'FEDERATED' is disabled.
2018-09-20 18:29:14 12100 [Note] InnoDB: Using atomics to ref count buffer pool pages
2018-09-20 18:29:14 12100 [Note] InnoDB: The InnoDB memory heap is disabled
2018-09-20 18:29:14 12100 [Note] InnoDB: Mutexes and rw_locks use Windows interlocked functions
2018-09-20 18:29:14 12100 [Note] InnoDB: Memory barrier is not used
2018-09-20 18:29:14 12100 [Note] InnoDB: Compressed tables use zlib 1.2.3
2018-09-20 18:29:14 12100 [Note] InnoDB: Not using CPU crc32 instructions
2018-09-20 18:29:14 12100 [Note] InnoDB: Initializing buffer pool, size = 128.0M
2018-09-20 18:29:14 12100 [Note] InnoDB: Completed initialization of buffer pool
2018-09-20 18:29:14 12100 [Note] InnoDB: Highest supported file format is Barracuda.
2018-09-20 18:29:14 12100 [Note] InnoDB: The log sequence numbers 1626134 and 1626134 in ibdata files do not match the log sequence number 1659626 in the ib_logfiles!
2018-09-20 18:29:14 12100 [Note] InnoDB: Database was not shutdown normally!
2018-09-20 18:29:14 12100 [Note] InnoDB: Starting crash recovery.
2018-09-20 18:29:14 12100 [Note] InnoDB: Reading tablespace information from the .ibd files...
2018-09-20 18:29:14 12100 [Note] InnoDB: Restoring possible half-written data pages 
2018-09-20 18:29:14 12100 [Note] InnoDB: from the doublewrite buffer...
2018-09-20 18:29:14 12100 [Note] InnoDB: 128 rollback segment(s) are active.
2018-09-20 18:29:14 12100 [Note] InnoDB: Waiting for purge to start
2018-09-20 18:29:14 12100 [Note] InnoDB: 5.6.34 started; log sequence number 1659626
2018-09-20 18:29:14 12100 [Note] Server hostname (bind-address): '*'; port: 3306
2018-09-20 18:29:14 12100 [Note] IPv6 is available.
2018-09-20 18:29:14 12100 [Note]   - '::' resolves to '::';
2018-09-20 18:29:14 12100 [Note] Server socket created on IP: '::'.
2018-09-20 20:15:34 6928 [Note] Plugin 'FEDERATED' is disabled.
2018-09-20 20:15:34 6928 [Note] InnoDB: Using atomics to ref count buffer pool pages
2018-09-20 20:15:34 6928 [Note] InnoDB: The InnoDB memory heap is disabled
2018-09-20 20:15:34 6928 [Note] InnoDB: Mutexes and rw_locks use Windows interlocked functions
2018-09-20 20:15:34 6928 [Note] InnoDB: Memory barrier is not used
2018-09-20 20:15:34 6928 [Note] InnoDB: Compressed tables use zlib 1.2.3
2018-09-20 20:15:34 6928 [Note] InnoDB: Not using CPU crc32 instructions
2018-09-20 20:15:34 6928 [Note] InnoDB: Initializing buffer pool, size = 128.0M
2018-09-20 20:15:34 6928 [Note] InnoDB: Completed initialization of buffer pool
2018-09-20 20:15:34 6928 [Note] InnoDB: Highest supported file format is Barracuda.
2018-09-20 20:15:34 6928 [Note] InnoDB: The log sequence numbers 1626134 and 1626134 in ibdata files do not match the log sequence number 1659824 in the ib_logfiles!
2018-09-20 20:15:34 6928 [Note] InnoDB: Database was not shutdown normally!
2018-09-20 20:15:34 6928 [Note] InnoDB: Starting crash recovery.
2018-09-20 20:15:34 6928 [Note] InnoDB: Reading tablespace information from the .ibd files...
2018-09-20 20:15:34 6928 [Note] InnoDB: Restoring possible half-written data pages 
2018-09-20 20:15:34 6928 [Note] InnoDB: from the doublewrite buffer...
2018-09-20 20:15:35 6928 [Note] InnoDB: 128 rollback segment(s) are active.
2018-09-20 20:15:35 6928 [Note] InnoDB: Waiting for purge to start
2018-09-20 20:15:35 6928 [Note] InnoDB: 5.6.34 started; log sequence number 1659824
2018-09-20 20:15:35 6928 [Note] Server hostname (bind-address): '*'; port: 3306
2018-09-20 20:15:35 6928 [Note] IPv6 is available.
2018-09-20 20:15:35 6928 [Note]   - '::' resolves to '::';
2018-09-20 20:15:35 6928 [Note] Server socket created on IP: '::'.
2018-09-20 20:38:55 8772 [Note] Plugin 'FEDERATED' is disabled.
2018-09-20 20:38:55 8772 [Note] InnoDB: Using atomics to ref count buffer pool pages
2018-09-20 20:38:55 8772 [Note] InnoDB: The InnoDB memory heap is disabled
2018-09-20 20:38:55 8772 [Note] InnoDB: Mutexes and rw_locks use Windows interlocked functions
2018-09-20 20:38:55 8772 [Note] InnoDB: Memory barrier is not used
2018-09-20 20:38:55 8772 [Note] InnoDB: Compressed tables use zlib 1.2.3
2018-09-20 20:38:55 8772 [Note] InnoDB: Not using CPU crc32 instructions
2018-09-20 20:38:55 8772 [Note] InnoDB: Initializing buffer pool, size = 128.0M
2018-09-20 20:38:55 8772 [Note] InnoDB: Completed initialization of buffer pool
2018-09-20 20:38:55 8772 [Note] InnoDB: Highest supported file format is Barracuda.
2018-09-20 20:38:55 8772 [Note] InnoDB: The log sequence numbers 1626134 and 1626134 in ibdata files do not match the log sequence number 1659834 in the ib_logfiles!
2018-09-20 20:38:55 8772 [Note] InnoDB: Database was not shutdown normally!
2018-09-20 20:38:55 8772 [Note] InnoDB: Starting crash recovery.
2018-09-20 20:38:55 8772 [Note] InnoDB: Reading tablespace information from the .ibd files...
2018-09-20 20:38:55 8772 [Note] InnoDB: Restoring possible half-written data pages 
2018-09-20 20:38:55 8772 [Note] InnoDB: from the doublewrite buffer...
2018-09-20 20:38:55 8772 [Note] InnoDB: 128 rollback segment(s) are active.
2018-09-20 20:38:55 8772 [Note] InnoDB: Waiting for purge to start
2018-09-20 20:38:55 8772 [Note] InnoDB: 5.6.34 started; log sequence number 1659834
2018-09-20 20:38:55 8772 [Note] Server hostname (bind-address): '*'; port: 3306
2018-09-20 20:38:55 8772 [Note] IPv6 is available.
2018-09-20 20:38:55 8772 [Note]   - '::' resolves to '::';
2018-09-20 20:38:55 8772 [Note] Server socket created on IP: '::'.
2018-09-20 21:33:28 804 [Note] Plugin 'FEDERATED' is disabled.
2018-09-20 21:33:28 804 [Note] InnoDB: Using atomics to ref count buffer pool pages
2018-09-20 21:33:28 804 [Note] InnoDB: The InnoDB memory heap is disabled
2018-09-20 21:33:28 804 [Note] InnoDB: Mutexes and rw_locks use Windows interlocked functions
2018-09-20 21:33:28 804 [Note] InnoDB: Memory barrier is not used
2018-09-20 21:33:28 804 [Note] InnoDB: Compressed tables use zlib 1.2.3
2018-09-20 21:33:28 804 [Note] InnoDB: Not using CPU crc32 instructions
2018-09-20 21:33:28 804 [Note] InnoDB: Initializing buffer pool, size = 128.0M
2018-09-20 21:33:28 804 [Note] InnoDB: Completed initialization of buffer pool
2018-09-20 21:33:28 804 [Note] InnoDB: Highest supported file format is Barracuda.
2018-09-20 21:33:28 804 [Note] InnoDB: The log sequence numbers 1626134 and 1626134 in ibdata files do not match the log sequence number 1659844 in the ib_logfiles!
2018-09-20 21:33:28 804 [Note] InnoDB: Database was not shutdown normally!
2018-09-20 21:33:28 804 [Note] InnoDB: Starting crash recovery.
2018-09-20 21:33:28 804 [Note] InnoDB: Reading tablespace information from the .ibd files...
2018-09-20 21:33:28 804 [Note] InnoDB: Restoring possible half-written data pages 
2018-09-20 21:33:28 804 [Note] InnoDB: from the doublewrite buffer...
2018-09-20 21:33:29 804 [Note] InnoDB: 128 rollback segment(s) are active.
2018-09-20 21:33:29 804 [Note] InnoDB: Waiting for purge to start
2018-09-20 21:33:29 804 [Note] InnoDB: 5.6.34 started; log sequence number 1659844
2018-09-20 21:33:29 804 [Note] Server hostname (bind-address): '*'; port: 3306
2018-09-20 21:33:29 804 [Note] IPv6 is available.
2018-09-20 21:33:29 804 [Note]   - '::' resolves to '::';
2018-09-20 21:33:29 804 [Note] Server socket created on IP: '::'.
2018-09-20 22:01:01 7148 [Note] Plugin 'FEDERATED' is disabled.
2018-09-20 22:01:01 7148 [Note] InnoDB: Using atomics to ref count buffer pool pages
2018-09-20 22:01:01 7148 [Note] InnoDB: The InnoDB memory heap is disabled
2018-09-20 22:01:01 7148 [Note] InnoDB: Mutexes and rw_locks use Windows interlocked functions
2018-09-20 22:01:01 7148 [Note] InnoDB: Memory barrier is not used
2018-09-20 22:01:01 7148 [Note] InnoDB: Compressed tables use zlib 1.2.3
2018-09-20 22:01:01 7148 [Note] InnoDB: Not using CPU crc32 instructions
2018-09-20 22:01:01 7148 [Note] InnoDB: Initializing buffer pool, size = 128.0M
2018-09-20 22:01:01 7148 [Note] InnoDB: Completed initialization of buffer pool
2018-09-20 22:01:01 7148 [Note] InnoDB: Highest supported file format is Barracuda.
2018-09-20 22:01:01 7148 [Note] InnoDB: The log sequence numbers 1626134 and 1626134 in ibdata files do not match the log sequence number 1659854 in the ib_logfiles!
2018-09-20 22:01:01 7148 [Note] InnoDB: Database was not shutdown normally!
2018-09-20 22:01:01 7148 [Note] InnoDB: Starting crash recovery.
2018-09-20 22:01:01 7148 [Note] InnoDB: Reading tablespace information from the .ibd files...
2018-09-20 22:01:01 7148 [Note] InnoDB: Restoring possible half-written data pages 
2018-09-20 22:01:01 7148 [Note] InnoDB: from the doublewrite buffer...
2018-09-20 22:01:01 7148 [Note] InnoDB: 128 rollback segment(s) are active.
2018-09-20 22:01:01 7148 [Note] InnoDB: Waiting for purge to start
2018-09-20 22:01:01 7148 [Note] InnoDB: 5.6.34 started; log sequence number 1659854
2018-09-20 22:01:01 7148 [Note] Server hostname (bind-address): '*'; port: 3306
2018-09-20 22:01:01 7148 [Note] IPv6 is available.
2018-09-20 22:01:01 7148 [Note]   - '::' resolves to '::';
2018-09-20 22:01:01 7148 [Note] Server socket created on IP: '::'.
2018-09-20 22:25:49 4188 [Note] Plugin 'FEDERATED' is disabled.
2018-09-20 22:25:49 4188 [Note] InnoDB: Using atomics to ref count buffer pool pages
2018-09-20 22:25:49 4188 [Note] InnoDB: The InnoDB memory heap is disabled
2018-09-20 22:25:49 4188 [Note] InnoDB: Mutexes and rw_locks use Windows interlocked functions
2018-09-20 22:25:49 4188 [Note] InnoDB: Memory barrier is not used
2018-09-20 22:25:49 4188 [Note] InnoDB: Compressed tables use zlib 1.2.3
2018-09-20 22:25:49 4188 [Note] InnoDB: Not using CPU crc32 instructions
2018-09-20 22:25:49 4188 [Note] InnoDB: Initializing buffer pool, size = 128.0M
2018-09-20 22:25:49 4188 [Note] InnoDB: Completed initialization of buffer pool
2018-09-20 22:25:49 4188 [Note] InnoDB: Highest supported file format is Barracuda.
2018-09-20 22:25:49 4188 [Note] InnoDB: The log sequence numbers 1626134 and 1626134 in ibdata files do not match the log sequence number 1659864 in the ib_logfiles!
2018-09-20 22:25:49 4188 [Note] InnoDB: Database was not shutdown normally!
2018-09-20 22:25:49 4188 [Note] InnoDB: Starting crash recovery.
2018-09-20 22:25:49 4188 [Note] InnoDB: Reading tablespace information from the .ibd files...
2018-09-20 22:25:49 4188 [Note] InnoDB: Restoring possible half-written data pages 
2018-09-20 22:25:49 4188 [Note] InnoDB: from the doublewrite buffer...
2018-09-20 22:25:49 4188 [Note] InnoDB: 128 rollback segment(s) are active.
2018-09-20 22:25:49 4188 [Note] InnoDB: Waiting for purge to start
2018-09-20 22:25:49 4188 [Note] InnoDB: 5.6.34 started; log sequence number 1659864
2018-09-20 22:25:49 4188 [Note] Server hostname (bind-address): '*'; port: 3306
2018-09-20 22:25:49 4188 [Note] IPv6 is available.
2018-09-20 22:25:49 4188 [Note]   - '::' resolves to '::';
2018-09-20 22:25:49 4188 [Note] Server socket created on IP: '::'.
2018-09-21 12:19:57 7376 [Note] Plugin 'FEDERATED' is disabled.
2018-09-21 12:19:57 7376 [Note] InnoDB: Using atomics to ref count buffer pool pages
2018-09-21 12:19:57 7376 [Note] InnoDB: The InnoDB memory heap is disabled
2018-09-21 12:19:57 7376 [Note] InnoDB: Mutexes and rw_locks use Windows interlocked functions
2018-09-21 12:19:57 7376 [Note] InnoDB: Memory barrier is not used
2018-09-21 12:19:57 7376 [Note] InnoDB: Compressed tables use zlib 1.2.3
2018-09-21 12:19:57 7376 [Note] InnoDB: Not using CPU crc32 instructions
2018-09-21 12:19:57 7376 [Note] InnoDB: Initializing buffer pool, size = 128.0M
2018-09-21 12:19:57 7376 [Note] InnoDB: Completed initialization of buffer pool
2018-09-21 12:19:57 7376 [Note] InnoDB: Highest supported file format is Barracuda.
2018-09-21 12:19:57 7376 [Note] InnoDB: The log sequence numbers 1626134 and 1626134 in ibdata files do not match the log sequence number 1659874 in the ib_logfiles!
2018-09-21 12:19:57 7376 [Note] InnoDB: Database was not shutdown normally!
2018-09-21 12:19:57 7376 [Note] InnoDB: Starting crash recovery.
2018-09-21 12:19:57 7376 [Note] InnoDB: Reading tablespace information from the .ibd files...
2018-09-21 12:19:57 7376 [Note] InnoDB: Restoring possible half-written data pages 
2018-09-21 12:19:57 7376 [Note] InnoDB: from the doublewrite buffer...
2018-09-21 12:19:57 7376 [Note] InnoDB: 128 rollback segment(s) are active.
2018-09-21 12:19:57 7376 [Note] InnoDB: Waiting for purge to start
2018-09-21 12:19:57 7376 [Note] InnoDB: 5.6.34 started; log sequence number 1659874
2018-09-21 12:19:57 7376 [Note] Server hostname (bind-address): '*'; port: 3306
2018-09-21 12:19:57 7376 [Note] IPv6 is available.
2018-09-21 12:19:57 7376 [Note]   - '::' resolves to '::';
2018-09-21 12:19:57 7376 [Note] Server socket created on IP: '::'.
2018-09-21 18:33:53 5468 [Note] Plugin 'FEDERATED' is disabled.
2018-09-21 18:33:53 5468 [Note] InnoDB: Using atomics to ref count buffer pool pages
2018-09-21 18:33:53 5468 [Note] InnoDB: The InnoDB memory heap is disabled
2018-09-21 18:33:53 5468 [Note] InnoDB: Mutexes and rw_locks use Windows interlocked functions
2018-09-21 18:33:53 5468 [Note] InnoDB: Memory barrier is not used
2018-09-21 18:33:53 5468 [Note] InnoDB: Compressed tables use zlib 1.2.3
2018-09-21 18:33:53 5468 [Note] InnoDB: Not using CPU crc32 instructions
2018-09-21 18:33:53 5468 [Note] InnoDB: Initializing buffer pool, size = 128.0M
2018-09-21 18:33:53 5468 [Note] InnoDB: Completed initialization of buffer pool
2018-09-21 18:33:53 5468 [ERROR] InnoDB: C:\Users\KIIT\Desktop\BREAKMECH\mysql\data\ibdata1 can't be opened in read-write mode
2018-09-21 18:33:53 5468 [ERROR] InnoDB: The system tablespace must be writable!
2018-09-21 18:33:53 5468 [ERROR] Plugin 'InnoDB' init function returned error.
2018-09-21 18:33:53 5468 [ERROR] Plugin 'InnoDB' registration as a STORAGE ENGINE failed.
2018-09-21 18:33:53 5468 [ERROR] Unknown/unsupported storage engine: InnoDB
2018-09-21 18:33:53 5468 [ERROR] Aborting

2018-09-21 18:33:53 5468 [Note] Binlog end
2018-09-21 18:33:53 5468 [Note] Shutting down plugin 'partition'
2018-09-21 18:33:53 5468 [Note] Shutting down plugin 'PERFORMANCE_SCHEMA'
2018-09-21 18:33:53 5468 [Note] Shutting down plugin 'INNODB_SYS_DATAFILES'
2018-09-21 18:33:53 5468 [Note] Shutting down plugin 'INNODB_SYS_TABLESPACES'
2018-09-21 18:33:53 5468 [Note] Shutting down plugin 'INNODB_SYS_FOREIGN_COLS'
2018-09-21 18:33:53 5468 [Note] Shutting down plugin 'INNODB_SYS_FOREIGN'
2018-09-21 18:33:53 5468 [Note] Shutting down plugin 'INNODB_SYS_FIELDS'
2018-09-21 18:33:53 5468 [Note] Shutting down plugin 'INNODB_SYS_COLUMNS'
2018-09-21 18:33:53 5468 [Note] Shutting down plugin 'INNODB_SYS_INDEXES'
2018-09-21 18:33:53 5468 [Note] Shutting down plugin 'INNODB_SYS_TABLESTATS'
2018-09-21 18:33:53 5468 [Note] Shutting down plugin 'INNODB_SYS_TABLES'
2018-09-21 18:33:53 5468 [Note] Shutting down plugin 'INNODB_FT_INDEX_TABLE'
2018-09-21 18:33:53 5468 [Note] Shutting down plugin 'INNODB_FT_INDEX_CACHE'
2018-09-21 18:33:53 5468 [Note] Shutting down plugin 'INNODB_FT_CONFIG'
2018-09-21 18:33:53 5468 [Note] Shutting down plugin 'INNODB_FT_BEING_DELETED'
2018-09-21 18:33:53 5468 [Note] Shutting down plugin 'INNODB_FT_DELETED'
2018-09-21 18:33:53 5468 [Note] Shutting down plugin 'INNODB_FT_DEFAULT_STOPWORD'
2018-09-21 18:33:53 5468 [Note] Shutting down plugin 'INNODB_METRICS'
2018-09-21 18:33:53 5468 [Note] Shutting down plugin 'INNODB_BUFFER_POOL_STATS'
2018-09-21 18:33:53 5468 [Note] Shutting down plugin 'INNODB_BUFFER_PAGE_LRU'
2018-09-21 18:33:53 5468 [Note] Shutting down plugin 'INNODB_BUFFER_PAGE'
2018-09-21 18:33:53 5468 [Note] Shutting down plugin 'INNODB_CMP_PER_INDEX_RESET'
2018-09-21 18:33:53 5468 [Note] Shutting down plugin 'INNODB_CMP_PER_INDEX'
2018-09-21 18:33:53 5468 [Note] Shutting down plugin 'INNODB_CMPMEM_RESET'
2018-09-21 18:33:53 5468 [Note] Shutting down plugin 'INNODB_CMPMEM'
2018-09-21 18:33:53 5468 [Note] Shutting down plugin 'INNODB_CMP_RESET'
2018-09-21 18:33:53 5468 [Note] Shutting down plugin 'INNODB_CMP'
2018-09-21 18:33:53 5468 [Note] Shutting down plugin 'INNODB_LOCK_WAITS'
2018-09-21 18:33:53 5468 [Note] Shutting down plugin 'INNODB_LOCKS'
2018-09-21 18:33:53 5468 [Note] Shutting down plugin 'INNODB_TRX'
2018-09-21 18:33:53 5468 [Note] Shutting down plugin 'BLACKHOLE'
2018-09-21 18:33:53 5468 [Note] Shutting down plugin 'ARCHIVE'
2018-09-21 18:33:53 5468 [Note] Shutting down plugin 'MRG_MYISAM'
2018-09-21 18:33:53 5468 [Note] Shutting down plugin 'MyISAM'
2018-09-21 18:33:53 5468 [Note] Shutting down plugin 'MEMORY'
2018-09-21 18:33:53 5468 [Note] Shutting down plugin 'CSV'
2018-09-21 18:33:53 5468 [Note] Shutting down plugin 'sha256_password'
2018-09-21 18:33:53 5468 [Note] Shutting down plugin 'mysql_old_password'
2018-09-21 18:33:53 5468 [Note] Shutting down plugin 'mysql_native_password'
2018-09-21 18:33:53 5468 [Note] Shutting down plugin 'binlog'
2018-09-21 18:33:53 5468 [Note] C:\Users\KIIT\Desktop\BREAKMECH/mysql/bin/mysqld_usbwv8.exe: Shutdown complete

2018-09-22 03:22:16 9112 [Note] Plugin 'FEDERATED' is disabled.
2018-09-22 03:22:16 9112 [Note] InnoDB: Using atomics to ref count buffer pool pages
2018-09-22 03:22:16 9112 [Note] InnoDB: The InnoDB memory heap is disabled
2018-09-22 03:22:16 9112 [Note] InnoDB: Mutexes and rw_locks use Windows interlocked functions
2018-09-22 03:22:16 9112 [Note] InnoDB: Memory barrier is not used
2018-09-22 03:22:16 9112 [Note] InnoDB: Compressed tables use zlib 1.2.3
2018-09-22 03:22:16 9112 [Note] InnoDB: Not using CPU crc32 instructions
2018-09-22 03:22:16 9112 [Note] InnoDB: Initializing buffer pool, size = 128.0M
2018-09-22 03:22:16 9112 [Note] InnoDB: Completed initialization of buffer pool
2018-09-22 03:22:16 9112 [Note] InnoDB: Highest supported file format is Barracuda.
2018-09-22 03:22:16 9112 [Note] InnoDB: The log sequence numbers 1626134 and 1626134 in ibdata files do not match the log sequence number 1659884 in the ib_logfiles!
2018-09-22 03:22:16 9112 [Note] InnoDB: Database was not shutdown normally!
2018-09-22 03:22:16 9112 [Note] InnoDB: Starting crash recovery.
2018-09-22 03:22:16 9112 [Note] InnoDB: Reading tablespace information from the .ibd files...
2018-09-22 03:22:16 9112 [Note] InnoDB: Restoring possible half-written data pages 
2018-09-22 03:22:16 9112 [Note] InnoDB: from the doublewrite buffer...
2018-09-22 03:22:16 9112 [Note] InnoDB: 128 rollback segment(s) are active.
2018-09-22 03:22:16 9112 [Note] InnoDB: Waiting for purge to start
2018-09-22 03:22:16 9112 [Note] InnoDB: 5.6.34 started; log sequence number 1659884
2018-09-22 03:22:16 9112 [Note] Server hostname (bind-address): '*'; port: 3306
2018-09-22 03:22:16 9112 [Note] IPv6 is available.
2018-09-22 03:22:16 9112 [Note]   - '::' resolves to '::';
2018-09-22 03:22:16 9112 [Note] Server socket created on IP: '::'.
2018-09-22 10:49:05 5332 [Note] Plugin 'FEDERATED' is disabled.
2018-09-22 10:49:05 5332 [Note] InnoDB: Using atomics to ref count buffer pool pages
2018-09-22 10:49:05 5332 [Note] InnoDB: The InnoDB memory heap is disabled
2018-09-22 10:49:05 5332 [Note] InnoDB: Mutexes and rw_locks use Windows interlocked functions
2018-09-22 10:49:05 5332 [Note] InnoDB: Memory barrier is not used
2018-09-22 10:49:05 5332 [Note] InnoDB: Compressed tables use zlib 1.2.3
2018-09-22 10:49:05 5332 [Note] InnoDB: Not using CPU crc32 instructions
2018-09-22 10:49:05 5332 [Note] InnoDB: Initializing buffer pool, size = 128.0M
2018-09-22 10:49:05 5332 [Note] InnoDB: Completed initialization of buffer pool
2018-09-22 10:49:05 5332 [Note] InnoDB: Highest supported file format is Barracuda.
2018-09-22 10:49:05 5332 [Note] InnoDB: The log sequence numbers 1626134 and 1626134 in ibdata files do not match the log sequence number 1659894 in the ib_logfiles!
2018-09-22 10:49:05 5332 [Note] InnoDB: Database was not shutdown normally!
2018-09-22 10:49:05 5332 [Note] InnoDB: Starting crash recovery.
2018-09-22 10:49:05 5332 [Note] InnoDB: Reading tablespace information from the .ibd files...
2018-09-22 10:49:05 5332 [Note] InnoDB: Restoring possible half-written data pages 
2018-09-22 10:49:05 5332 [Note] InnoDB: from the doublewrite buffer...
2018-09-22 10:49:05 5332 [Note] InnoDB: 128 rollback segment(s) are active.
2018-09-22 10:49:05 5332 [Note] InnoDB: Waiting for purge to start
2018-09-22 10:49:06 5332 [Note] InnoDB: 5.6.34 started; log sequence number 1659894
2018-09-22 10:49:06 5332 [Note] Server hostname (bind-address): '*'; port: 3306
2018-09-22 10:49:06 5332 [Note] IPv6 is available.
2018-09-22 10:49:06 5332 [Note]   - '::' resolves to '::';
2018-09-22 10:49:06 5332 [Note] Server socket created on IP: '::'.
2018-09-22 12:10:03 12880 [Note] Plugin 'FEDERATED' is disabled.
2018-09-22 12:10:03 12880 [Note] InnoDB: Using atomics to ref count buffer pool pages
2018-09-22 12:10:03 12880 [Note] InnoDB: The InnoDB memory heap is disabled
2018-09-22 12:10:03 12880 [Note] InnoDB: Mutexes and rw_locks use Windows interlocked functions
2018-09-22 12:10:03 12880 [Note] InnoDB: Memory barrier is not used
2018-09-22 12:10:03 12880 [Note] InnoDB: Compressed tables use zlib 1.2.3
2018-09-22 12:10:03 12880 [Note] InnoDB: Not using CPU crc32 instructions
2018-09-22 12:10:03 12880 [Note] InnoDB: Initializing buffer pool, size = 128.0M
2018-09-22 12:10:03 12880 [Note] InnoDB: Completed initialization of buffer pool
2018-09-22 12:10:03 12880 [Note] InnoDB: Highest supported file format is Barracuda.
2018-09-22 12:10:03 12880 [Note] InnoDB: The log sequence numbers 1626134 and 1626134 in ibdata files do not match the log sequence number 1708281 in the ib_logfiles!
2018-09-22 12:10:03 12880 [Note] InnoDB: Database was not shutdown normally!
2018-09-22 12:10:03 12880 [Note] InnoDB: Starting crash recovery.
2018-09-22 12:10:03 12880 [Note] InnoDB: Reading tablespace information from the .ibd files...
2018-09-22 12:10:03 12880 [Note] InnoDB: Restoring possible half-written data pages 
2018-09-22 12:10:03 12880 [Note] InnoDB: from the doublewrite buffer...
2018-09-22 12:10:04 12880 [ERROR] InnoDB: Table employee/employee_details in the InnoDB data dictionary has tablespace id 11, but tablespace with that id or name does not exist. Have you deleted or moved .ibd files? This may also be a table created with CREATE TEMPORARY TABLE whose .ibd and .frm files MySQL automatically removed, but the table still exists in the InnoDB internal data dictionary.
InnoDB: Please refer to
InnoDB: http://dev.mysql.com/doc/refman/5.6/en/innodb-troubleshooting-datadict.html
InnoDB: for how to resolve the issue.
2018-09-22 12:10:04 12880 [Note] InnoDB: 128 rollback segment(s) are active.
2018-09-22 12:10:04 12880 [Note] InnoDB: Waiting for purge to start
2018-09-22 12:10:04 12880 [Note] InnoDB: 5.6.34 started; log sequence number 1708281
2018-09-22 12:10:04 12880 [Note] Server hostname (bind-address): '*'; port: 3306
2018-09-22 12:10:04 12880 [Note] IPv6 is available.
2018-09-22 12:10:04 12880 [Note]   - '::' resolves to '::';
2018-09-22 12:10:04 12880 [Note] Server socket created on IP: '::'.
2018-09-22 12:21:11 12708 [Note] Plugin 'FEDERATED' is disabled.
2018-09-22 12:21:11 12708 [Note] InnoDB: Using atomics to ref count buffer pool pages
2018-09-22 12:21:11 12708 [Note] InnoDB: The InnoDB memory heap is disabled
2018-09-22 12:21:11 12708 [Note] InnoDB: Mutexes and rw_locks use Windows interlocked functions
2018-09-22 12:21:11 12708 [Note] InnoDB: Memory barrier is not used
2018-09-22 12:21:11 12708 [Note] InnoDB: Compressed tables use zlib 1.2.3
2018-09-22 12:21:11 12708 [Note] InnoDB: Not using CPU crc32 instructions
2018-09-22 12:21:11 12708 [Note] InnoDB: Initializing buffer pool, size = 128.0M
2018-09-22 12:21:11 12708 [Note] InnoDB: Completed initialization of buffer pool
2018-09-22 12:21:11 12708 [Note] InnoDB: Highest supported file format is Barracuda.
2018-09-22 12:21:11 12708 [Note] InnoDB: The log sequence numbers 1626134 and 1626134 in ibdata files do not match the log sequence number 1708765 in the ib_logfiles!
2018-09-22 12:21:11 12708 [Note] InnoDB: Database was not shutdown normally!
2018-09-22 12:21:11 12708 [Note] InnoDB: Starting crash recovery.
2018-09-22 12:21:11 12708 [Note] InnoDB: Reading tablespace information from the .ibd files...
2018-09-22 12:21:11 12708 [Note] InnoDB: Restoring possible half-written data pages 
2018-09-22 12:21:11 12708 [Note] InnoDB: from the doublewrite buffer...
2018-09-22 12:21:11 12708 [ERROR] InnoDB: Table employee/employee_details in the InnoDB data dictionary has tablespace id 11, but tablespace with that id or name does not exist. Have you deleted or moved .ibd files? This may also be a table created with CREATE TEMPORARY TABLE whose .ibd and .frm files MySQL automatically removed, but the table still exists in the InnoDB internal data dictionary.
InnoDB: Please refer to
InnoDB: http://dev.mysql.com/doc/refman/5.6/en/innodb-troubleshooting-datadict.html
InnoDB: for how to resolve the issue.
2018-09-22 12:21:11 12708 [Note] InnoDB: 128 rollback segment(s) are active.
2018-09-22 12:21:11 12708 [Note] InnoDB: Waiting for purge to start
2018-09-22 12:21:11 12708 [Note] InnoDB: 5.6.34 started; log sequence number 1708765
2018-09-22 12:21:11 12708 [Note] Server hostname (bind-address): '*'; port: 3306
2018-09-22 12:21:11 12708 [Note] IPv6 is available.
2018-09-22 12:21:11 12708 [Note]   - '::' resolves to '::';
2018-09-22 12:21:11 12708 [Note] Server socket created on IP: '::'.
2018-09-22 16:00:07 10956 [Note] Plugin 'FEDERATED' is disabled.
2018-09-22 16:00:07 10956 [Note] InnoDB: Using atomics to ref count buffer pool pages
2018-09-22 16:00:07 10956 [Note] InnoDB: The InnoDB memory heap is disabled
2018-09-22 16:00:07 10956 [Note] InnoDB: Mutexes and rw_locks use Windows interlocked functions
2018-09-22 16:00:07 10956 [Note] InnoDB: Memory barrier is not used
2018-09-22 16:00:07 10956 [Note] InnoDB: Compressed tables use zlib 1.2.3
2018-09-22 16:00:07 10956 [Note] InnoDB: Not using CPU crc32 instructions
2018-09-22 16:00:07 10956 [Note] InnoDB: Initializing buffer pool, size = 128.0M
2018-09-22 16:00:07 10956 [Note] InnoDB: Completed initialization of buffer pool
2018-09-22 16:00:07 10956 [ERROR] InnoDB: C:\Users\KIIT\Desktop\BREAKMECH\mysql\data\ibdata1 can't be opened in read-write mode
2018-09-22 16:00:07 10956 [ERROR] InnoDB: The system tablespace must be writable!
2018-09-22 16:00:07 10956 [ERROR] Plugin 'InnoDB' init function returned error.
2018-09-22 16:00:07 10956 [ERROR] Plugin 'InnoDB' registration as a STORAGE ENGINE failed.
2018-09-22 16:00:07 10956 [ERROR] Unknown/unsupported storage engine: InnoDB
2018-09-22 16:00:07 10956 [ERROR] Aborting

2018-09-22 16:00:07 10956 [Note] Binlog end
2018-09-22 16:00:07 10956 [Note] Shutting down plugin 'partition'
2018-09-22 16:00:07 10956 [Note] Shutting down plugin 'PERFORMANCE_SCHEMA'
2018-09-22 16:00:07 10956 [Note] Shutting down plugin 'INNODB_SYS_DATAFILES'
2018-09-22 16:00:07 10956 [Note] Shutting down plugin 'INNODB_SYS_TABLESPACES'
2018-09-22 16:00:07 10956 [Note] Shutting down plugin 'INNODB_SYS_FOREIGN_COLS'
2018-09-22 16:00:07 10956 [Note] Shutting down plugin 'INNODB_SYS_FOREIGN'
2018-09-22 16:00:07 10956 [Note] Shutting down plugin 'INNODB_SYS_FIELDS'
2018-09-22 16:00:07 10956 [Note] Shutting down plugin 'INNODB_SYS_COLUMNS'
2018-09-22 16:00:07 10956 [Note] Shutting down plugin 'INNODB_SYS_INDEXES'
2018-09-22 16:00:07 10956 [Note] Shutting down plugin 'INNODB_SYS_TABLESTATS'
2018-09-22 16:00:07 10956 [Note] Shutting down plugin 'INNODB_SYS_TABLES'
2018-09-22 16:00:07 10956 [Note] Shutting down plugin 'INNODB_FT_INDEX_TABLE'
2018-09-22 16:00:07 10956 [Note] Shutting down plugin 'INNODB_FT_INDEX_CACHE'
2018-09-22 16:00:07 10956 [Note] Shutting down plugin 'INNODB_FT_CONFIG'
2018-09-22 16:00:07 10956 [Note] Shutting down plugin 'INNODB_FT_BEING_DELETED'
2018-09-22 16:00:07 10956 [Note] Shutting down plugin 'INNODB_FT_DELETED'
2018-09-22 16:00:07 10956 [Note] Shutting down plugin 'INNODB_FT_DEFAULT_STOPWORD'
2018-09-22 16:00:07 10956 [Note] Shutting down plugin 'INNODB_METRICS'
2018-09-22 16:00:07 10956 [Note] Shutting down plugin 'INNODB_BUFFER_POOL_STATS'
2018-09-22 16:00:07 10956 [Note] Shutting down plugin 'INNODB_BUFFER_PAGE_LRU'
2018-09-22 16:00:07 10956 [Note] Shutting down plugin 'INNODB_BUFFER_PAGE'
2018-09-22 16:00:07 10956 [Note] Shutting down plugin 'INNODB_CMP_PER_INDEX_RESET'
2018-09-22 16:00:07 10956 [Note] Shutting down plugin 'INNODB_CMP_PER_INDEX'
2018-09-22 16:00:07 10956 [Note] Shutting down plugin 'INNODB_CMPMEM_RESET'
2018-09-22 16:00:07 10956 [Note] Shutting down plugin 'INNODB_CMPMEM'
2018-09-22 16:00:07 10956 [Note] Shutting down plugin 'INNODB_CMP_RESET'
2018-09-22 16:00:07 10956 [Note] Shutting down plugin 'INNODB_CMP'
2018-09-22 16:00:07 10956 [Note] Shutting down plugin 'INNODB_LOCK_WAITS'
2018-09-22 16:00:07 10956 [Note] Shutting down plugin 'INNODB_LOCKS'
2018-09-22 16:00:07 10956 [Note] Shutting down plugin 'INNODB_TRX'
2018-09-22 16:00:07 10956 [Note] Shutting down plugin 'BLACKHOLE'
2018-09-22 16:00:07 10956 [Note] Shutting down plugin 'ARCHIVE'
2018-09-22 16:00:07 10956 [Note] Shutting down plugin 'MRG_MYISAM'
2018-09-22 16:00:07 10956 [Note] Shutting down plugin 'MyISAM'
2018-09-22 16:00:07 10956 [Note] Shutting down plugin 'MEMORY'
2018-09-22 16:00:07 10956 [Note] Shutting down plugin 'CSV'
2018-09-22 16:00:07 10956 [Note] Shutting down plugin 'sha256_password'
2018-09-22 16:00:07 10956 [Note] Shutting down plugin 'mysql_old_password'
2018-09-22 16:00:07 10956 [Note] Shutting down plugin 'mysql_native_password'
2018-09-22 16:00:07 10956 [Note] Shutting down plugin 'binlog'
2018-09-22 16:00:07 10956 [Note] C:\Users\KIIT\Desktop\BREAKMECH/mysql/bin/mysqld_usbwv8.exe: Shutdown complete

2018-09-22 20:28:59 6976 [Note] Plugin 'FEDERATED' is disabled.
2018-09-22 20:28:59 6976 [Note] InnoDB: Using atomics to ref count buffer pool pages
2018-09-22 20:28:59 6976 [Note] InnoDB: The InnoDB memory heap is disabled
2018-09-22 20:28:59 6976 [Note] InnoDB: Mutexes and rw_locks use Windows interlocked functions
2018-09-22 20:28:59 6976 [Note] InnoDB: Memory barrier is not used
2018-09-22 20:28:59 6976 [Note] InnoDB: Compressed tables use zlib 1.2.3
2018-09-22 20:28:59 6976 [Note] InnoDB: Not using CPU crc32 instructions
2018-09-22 20:28:59 6976 [Note] InnoDB: Initializing buffer pool, size = 128.0M
2018-09-22 20:28:59 6976 [Note] InnoDB: Completed initialization of buffer pool
2018-09-22 20:28:59 6976 [Note] InnoDB: Highest supported file format is Barracuda.
2018-09-22 20:28:59 6976 [Note] InnoDB: The log sequence numbers 1626134 and 1626134 in ibdata files do not match the log sequence number 1739883 in the ib_logfiles!
2018-09-22 20:28:59 6976 [Note] InnoDB: Database was not shutdown normally!
2018-09-22 20:28:59 6976 [Note] InnoDB: Starting crash recovery.
2018-09-22 20:28:59 6976 [Note] InnoDB: Reading tablespace information from the .ibd files...
2018-09-22 20:28:59 6976 [Note] InnoDB: Restoring possible half-written data pages 
2018-09-22 20:28:59 6976 [Note] InnoDB: from the doublewrite buffer...
2018-09-22 20:28:59 6976 [ERROR] InnoDB: Table employee/employee_details in the InnoDB data dictionary has tablespace id 11, but tablespace with that id or name does not exist. Have you deleted or moved .ibd files? This may also be a table created with CREATE TEMPORARY TABLE whose .ibd and .frm files MySQL automatically removed, but the table still exists in the InnoDB internal data dictionary.
InnoDB: Please refer to
InnoDB: http://dev.mysql.com/doc/refman/5.6/en/innodb-troubleshooting-datadict.html
InnoDB: for how to resolve the issue.
2018-09-22 20:28:59 6976 [Note] InnoDB: 128 rollback segment(s) are active.
2018-09-22 20:28:59 6976 [Note] InnoDB: Waiting for purge to start
2018-09-22 20:28:59 6976 [Note] InnoDB: 5.6.34 started; log sequence number 1739883
2018-09-22 20:28:59 6976 [Note] Server hostname (bind-address): '*'; port: 3306
2018-09-22 20:28:59 6976 [Note] IPv6 is available.
2018-09-22 20:28:59 6976 [Note]   - '::' resolves to '::';
2018-09-22 20:28:59 6976 [Note] Server socket created on IP: '::'.
2018-09-22 20:28:59 6976 [ERROR] Can't start server: Bind on TCP/IP port: No such file or directory
2018-09-22 20:28:59 6976 [ERROR] Do you already have another mysqld server running on port: 3306 ?
2018-09-22 20:28:59 6976 [ERROR] Aborting

2018-09-22 20:28:59 6976 [Note] Binlog end
2018-09-22 20:28:59 6976 [Note] Shutting down plugin 'partition'
2018-09-22 20:28:59 6976 [Note] Shutting down plugin 'PERFORMANCE_SCHEMA'
2018-09-22 20:28:59 6976 [Note] Shutting down plugin 'INNODB_SYS_DATAFILES'
2018-09-22 20:28:59 6976 [Note] Shutting down plugin 'INNODB_SYS_TABLESPACES'
2018-09-22 20:28:59 6976 [Note] Shutting down plugin 'INNODB_SYS_FOREIGN_COLS'
2018-09-22 20:28:59 6976 [Note] Shutting down plugin 'INNODB_SYS_FOREIGN'
2018-09-22 20:28:59 6976 [Note] Shutting down plugin 'INNODB_SYS_FIELDS'
2018-09-22 20:28:59 6976 [Note] Shutting down plugin 'INNODB_SYS_COLUMNS'
2018-09-22 20:28:59 6976 [Note] Shutting down plugin 'INNODB_SYS_INDEXES'
2018-09-22 20:28:59 6976 [Note] Shutting down plugin 'INNODB_SYS_TABLESTATS'
2018-09-22 20:28:59 6976 [Note] Shutting down plugin 'INNODB_SYS_TABLES'
2018-09-22 20:28:59 6976 [Note] Shutting down plugin 'INNODB_FT_INDEX_TABLE'
2018-09-22 20:28:59 6976 [Note] Shutting down plugin 'INNODB_FT_INDEX_CACHE'
2018-09-22 20:28:59 6976 [Note] Shutting down plugin 'INNODB_FT_CONFIG'
2018-09-22 20:28:59 6976 [Note] Shutting down plugin 'INNODB_FT_BEING_DELETED'
2018-09-22 20:28:59 6976 [Note] Shutting down plugin 'INNODB_FT_DELETED'
2018-09-22 20:28:59 6976 [Note] Shutting down plugin 'INNODB_FT_DEFAULT_STOPWORD'
2018-09-22 20:28:59 6976 [Note] Shutting down plugin 'INNODB_METRICS'
2018-09-22 20:28:59 6976 [Note] Shutting down plugin 'INNODB_BUFFER_POOL_STATS'
2018-09-22 20:28:59 6976 [Note] Shutting down plugin 'INNODB_BUFFER_PAGE_LRU'
2018-09-22 20:28:59 6976 [Note] Shutting down plugin 'INNODB_BUFFER_PAGE'
2018-09-22 20:28:59 6976 [Note] Shutting down plugin 'INNODB_CMP_PER_INDEX_RESET'
2018-09-22 20:28:59 6976 [Note] Shutting down plugin 'INNODB_CMP_PER_INDEX'
2018-09-22 20:28:59 6976 [Note] Shutting down plugin 'INNODB_CMPMEM_RESET'
2018-09-22 20:28:59 6976 [Note] Shutting down plugin 'INNODB_CMPMEM'
2018-09-22 20:28:59 6976 [Note] Shutting down plugin 'INNODB_CMP_RESET'
2018-09-22 20:28:59 6976 [Note] Shutting down plugin 'INNODB_CMP'
2018-09-22 20:28:59 6976 [Note] Shutting down plugin 'INNODB_LOCK_WAITS'
2018-09-22 20:28:59 6976 [Note] Shutting down plugin 'INNODB_LOCKS'
2018-09-22 20:28:59 6976 [Note] Shutting down plugin 'INNODB_TRX'
2018-09-22 20:28:59 6976 [Note] Shutting down plugin 'InnoDB'
2018-09-22 20:28:59 6976 [Note] InnoDB: FTS optimize thread exiting.
2018-09-22 20:28:59 6976 [Note] InnoDB: Starting shutdown...
2018-09-22 20:29:00 6976 [Note] InnoDB: Shutdown completed; log sequence number 1739893
2018-09-22 20:29:00 6976 [Note] Shutting down plugin 'BLACKHOLE'
2018-09-22 20:29:00 6976 [Note] Shutting down plugin 'ARCHIVE'
2018-09-22 20:29:00 6976 [Note] Shutting down plugin 'MRG_MYISAM'
2018-09-22 20:29:00 6976 [Note] Shutting down plugin 'MyISAM'
2018-09-22 20:29:00 6976 [Note] Shutting down plugin 'MEMORY'
2018-09-22 20:29:00 6976 [Note] Shutting down plugin 'CSV'
2018-09-22 20:29:00 6976 [Note] Shutting down plugin 'sha256_password'
2018-09-22 20:29:00 6976 [Note] Shutting down plugin 'mysql_old_password'
2018-09-22 20:29:00 6976 [Note] Shutting down plugin 'mysql_native_password'
2018-09-22 20:29:00 6976 [Note] Shutting down plugin 'binlog'
2018-09-22 20:29:00 6976 [Note] C:\Users\KIIT\Desktop\BREAKMECH/mysql/bin/mysqld_usbwv8.exe: Shutdown complete

2018-09-22 20:29:21 12720 [Note] Plugin 'FEDERATED' is disabled.
2018-09-22 20:29:21 12720 [Note] InnoDB: Using atomics to ref count buffer pool pages
2018-09-22 20:29:21 12720 [Note] InnoDB: The InnoDB memory heap is disabled
2018-09-22 20:29:21 12720 [Note] InnoDB: Mutexes and rw_locks use Windows interlocked functions
2018-09-22 20:29:21 12720 [Note] InnoDB: Memory barrier is not used
2018-09-22 20:29:21 12720 [Note] InnoDB: Compressed tables use zlib 1.2.3
2018-09-22 20:29:21 12720 [Note] InnoDB: Not using CPU crc32 instructions
2018-09-22 20:29:21 12720 [Note] InnoDB: Initializing buffer pool, size = 128.0M
2018-09-22 20:29:21 12720 [Note] InnoDB: Completed initialization of buffer pool
2018-09-22 20:29:21 12720 [Note] InnoDB: Highest supported file format is Barracuda.
2018-09-22 20:29:21 15c8  InnoDB: Operating system error number 2 in a file operation.
InnoDB: Some operating system error numbers are described at
InnoDB: http://dev.mysql.com/doc/refman/5.6/en/operating-system-error-codes.html
2018-09-22 20:29:21 12720 [ERROR] InnoDB: Could not find a valid tablespace file for 'employee/employee_details'. See http://dev.mysql.com/doc/refman/5.6/en/innodb-troubleshooting-datadict.html for how to resolve the issue.
2018-09-22 20:29:21 12720 [ERROR] InnoDB: Tablespace open failed for '"employee"."employee_details"', ignored.
2018-09-22 20:29:21 12720 [Note] InnoDB: 128 rollback segment(s) are active.
2018-09-22 20:29:21 12720 [Note] InnoDB: Waiting for purge to start
2018-09-22 20:29:21 12720 [Note] InnoDB: 5.6.34 started; log sequence number 1739893
2018-09-22 20:29:21 12720 [Note] Server hostname (bind-address): '*'; port: 3306
2018-09-22 20:29:21 12720 [Note] IPv6 is available.
2018-09-22 20:29:21 12720 [Note]   - '::' resolves to '::';
2018-09-22 20:29:21 12720 [Note] Server socket created on IP: '::'.
2018-09-22 21:06:01 10444 [Note] Plugin 'FEDERATED' is disabled.
2018-09-22 21:06:01 10444 [Note] InnoDB: Using atomics to ref count buffer pool pages
2018-09-22 21:06:01 10444 [Note] InnoDB: The InnoDB memory heap is disabled
2018-09-22 21:06:01 10444 [Note] InnoDB: Mutexes and rw_locks use Windows interlocked functions
2018-09-22 21:06:01 10444 [Note] InnoDB: Memory barrier is not used
2018-09-22 21:06:01 10444 [Note] InnoDB: Compressed tables use zlib 1.2.3
2018-09-22 21:06:01 10444 [Note] InnoDB: Not using CPU crc32 instructions
2018-09-22 21:06:01 10444 [Note] InnoDB: Initializing buffer pool, size = 128.0M
2018-09-22 21:06:01 10444 [Note] InnoDB: Completed initialization of buffer pool
2018-09-22 21:06:01 10444 [Note] InnoDB: Highest supported file format is Barracuda.
2018-09-22 21:06:01 10444 [Note] InnoDB: The log sequence numbers 1739893 and 1739893 in ibdata files do not match the log sequence number 1739903 in the ib_logfiles!
2018-09-22 21:06:01 10444 [Note] InnoDB: Database was not shutdown normally!
2018-09-22 21:06:01 10444 [Note] InnoDB: Starting crash recovery.
2018-09-22 21:06:01 10444 [Note] InnoDB: Reading tablespace information from the .ibd files...
2018-09-22 21:06:01 10444 [Note] InnoDB: Restoring possible half-written data pages 
2018-09-22 21:06:01 10444 [Note] InnoDB: from the doublewrite buffer...
2018-09-22 21:06:01 10444 [ERROR] InnoDB: Table employee/employee_details in the InnoDB data dictionary has tablespace id 11, but tablespace with that id or name does not exist. Have you deleted or moved .ibd files? This may also be a table created with CREATE TEMPORARY TABLE whose .ibd and .frm files MySQL automatically removed, but the table still exists in the InnoDB internal data dictionary.
InnoDB: Please refer to
InnoDB: http://dev.mysql.com/doc/refman/5.6/en/innodb-troubleshooting-datadict.html
InnoDB: for how to resolve the issue.
2018-09-22 21:06:01 10444 [Note] InnoDB: 128 rollback segment(s) are active.
2018-09-22 21:06:01 10444 [Note] InnoDB: Waiting for purge to start
2018-09-22 21:06:01 10444 [Note] InnoDB: 5.6.34 started; log sequence number 1739903
2018-09-22 21:06:01 10444 [Note] Server hostname (bind-address): '*'; port: 3306
2018-09-22 21:06:01 10444 [Note] IPv6 is available.
2018-09-22 21:06:01 10444 [Note]   - '::' resolves to '::';
2018-09-22 21:06:01 10444 [Note] Server socket created on IP: '::'.
2018-09-22 21:30:59 8540 [Note] Plugin 'FEDERATED' is disabled.
2018-09-22 21:30:59 8540 [Note] InnoDB: Using atomics to ref count buffer pool pages
2018-09-22 21:30:59 8540 [Note] InnoDB: The InnoDB memory heap is disabled
2018-09-22 21:30:59 8540 [Note] InnoDB: Mutexes and rw_locks use Windows interlocked functions
2018-09-22 21:30:59 8540 [Note] InnoDB: Memory barrier is not used
2018-09-22 21:30:59 8540 [Note] InnoDB: Compressed tables use zlib 1.2.3
2018-09-22 21:30:59 8540 [Note] InnoDB: Not using CPU crc32 instructions
2018-09-22 21:30:59 8540 [Note] InnoDB: Initializing buffer pool, size = 128.0M
2018-09-22 21:30:59 8540 [Note] InnoDB: Completed initialization of buffer pool
2018-09-22 21:30:59 8540 [Note] InnoDB: Highest supported file format is Barracuda.
2018-09-22 21:30:59 8540 [Note] InnoDB: The log sequence numbers 1739893 and 1739893 in ibdata files do not match the log sequence number 1765400 in the ib_logfiles!
2018-09-22 21:30:59 8540 [Note] InnoDB: Database was not shutdown normally!
2018-09-22 21:30:59 8540 [Note] InnoDB: Starting crash recovery.
2018-09-22 21:30:59 8540 [Note] InnoDB: Reading tablespace information from the .ibd files...
2018-09-22 21:30:59 8540 [Note] InnoDB: Restoring possible half-written data pages 
2018-09-22 21:30:59 8540 [Note] InnoDB: from the doublewrite buffer...
2018-09-22 21:31:00 8540 [ERROR] InnoDB: Table employee/employee_details in the InnoDB data dictionary has tablespace id 11, but tablespace with that id or name does not exist. Have you deleted or moved .ibd files? This may also be a table created with CREATE TEMPORARY TABLE whose .ibd and .frm files MySQL automatically removed, but the table still exists in the InnoDB internal data dictionary.
InnoDB: Please refer to
InnoDB: http://dev.mysql.com/doc/refman/5.6/en/innodb-troubleshooting-datadict.html
InnoDB: for how to resolve the issue.
2018-09-22 21:31:00 8540 [ERROR] InnoDB: Table mechanics_info/mechanics in the InnoDB data dictionary has tablespace id 15, but tablespace with that id or name does not exist. Have you deleted or moved .ibd files? This may also be a table created with CREATE TEMPORARY TABLE whose .ibd and .frm files MySQL automatically removed, but the table still exists in the InnoDB internal data dictionary.
InnoDB: Please refer to
InnoDB: http://dev.mysql.com/doc/refman/5.6/en/innodb-troubleshooting-datadict.html
InnoDB: for how to resolve the issue.
2018-09-22 21:31:00 8540 [Note] InnoDB: 128 rollback segment(s) are active.
2018-09-22 21:31:00 8540 [Note] InnoDB: Waiting for purge to start
2018-09-22 21:31:00 8540 [Note] InnoDB: 5.6.34 started; log sequence number 1765400
2018-09-22 21:31:00 8540 [Note] Server hostname (bind-address): '*'; port: 3306
2018-09-22 21:31:00 8540 [Note] IPv6 is available.
2018-09-22 21:31:00 8540 [Note]   - '::' resolves to '::';
2018-09-22 21:31:00 8540 [Note] Server socket created on IP: '::'.
2018-09-23 03:11:05 5580 [Note] Plugin 'FEDERATED' is disabled.
2018-09-23 03:11:05 5580 [Note] InnoDB: Using atomics to ref count buffer pool pages
2018-09-23 03:11:05 5580 [Note] InnoDB: The InnoDB memory heap is disabled
2018-09-23 03:11:05 5580 [Note] InnoDB: Mutexes and rw_locks use Windows interlocked functions
2018-09-23 03:11:05 5580 [Note] InnoDB: Memory barrier is not used
2018-09-23 03:11:05 5580 [Note] InnoDB: Compressed tables use zlib 1.2.3
2018-09-23 03:11:05 5580 [Note] InnoDB: Not using CPU crc32 instructions
2018-09-23 03:11:05 5580 [Note] InnoDB: Initializing buffer pool, size = 128.0M
2018-09-23 03:11:05 5580 [Note] InnoDB: Completed initialization of buffer pool
2018-09-23 03:11:05 5580 [Note] InnoDB: Highest supported file format is Barracuda.
2018-09-23 03:11:05 5580 [Note] InnoDB: The log sequence numbers 1739893 and 1739893 in ibdata files do not match the log sequence number 1770638 in the ib_logfiles!
2018-09-23 03:11:05 5580 [Note] InnoDB: Database was not shutdown normally!
2018-09-23 03:11:05 5580 [Note] InnoDB: Starting crash recovery.
2018-09-23 03:11:05 5580 [Note] InnoDB: Reading tablespace information from the .ibd files...
2018-09-23 03:11:05 5580 [Note] InnoDB: Restoring possible half-written data pages 
2018-09-23 03:11:05 5580 [Note] InnoDB: from the doublewrite buffer...
2018-09-23 03:11:05 5580 [ERROR] InnoDB: Table employee/employee_details in the InnoDB data dictionary has tablespace id 11, but tablespace with that id or name does not exist. Have you deleted or moved .ibd files? This may also be a table created with CREATE TEMPORARY TABLE whose .ibd and .frm files MySQL automatically removed, but the table still exists in the InnoDB internal data dictionary.
InnoDB: Please refer to
InnoDB: http://dev.mysql.com/doc/refman/5.6/en/innodb-troubleshooting-datadict.html
InnoDB: for how to resolve the issue.
2018-09-23 03:11:05 5580 [ERROR] InnoDB: Table mechanics_info/mechanics in the InnoDB data dictionary has tablespace id 15, but tablespace with that id or name does not exist. Have you deleted or moved .ibd files? This may also be a table created with CREATE TEMPORARY TABLE whose .ibd and .frm files MySQL automatically removed, but the table still exists in the InnoDB internal data dictionary.
InnoDB: Please refer to
InnoDB: http://dev.mysql.com/doc/refman/5.6/en/innodb-troubleshooting-datadict.html
InnoDB: for how to resolve the issue.
2018-09-23 03:11:05 5580 [Note] InnoDB: 128 rollback segment(s) are active.
2018-09-23 03:11:05 5580 [Note] InnoDB: Waiting for purge to start
2018-09-23 03:11:05 5580 [Note] InnoDB: 5.6.34 started; log sequence number 1770638
2018-09-23 03:11:05 5580 [Note] Server hostname (bind-address): '*'; port: 3306
2018-09-23 03:11:05 5580 [Note] IPv6 is available.
2018-09-23 03:11:05 5580 [Note]   - '::' resolves to '::';
2018-09-23 03:11:05 5580 [Note] Server socket created on IP: '::'.
2018-09-23 11:03:10 7020 [Note] Plugin 'FEDERATED' is disabled.
2018-09-23 11:03:10 7020 [Note] InnoDB: Using atomics to ref count buffer pool pages
2018-09-23 11:03:10 7020 [Note] InnoDB: The InnoDB memory heap is disabled
2018-09-23 11:03:10 7020 [Note] InnoDB: Mutexes and rw_locks use Windows interlocked functions
2018-09-23 11:03:10 7020 [Note] InnoDB: Memory barrier is not used
2018-09-23 11:03:10 7020 [Note] InnoDB: Compressed tables use zlib 1.2.3
2018-09-23 11:03:10 7020 [Note] InnoDB: Not using CPU crc32 instructions
2018-09-23 11:03:10 7020 [Note] InnoDB: Initializing buffer pool, size = 128.0M
2018-09-23 11:03:10 7020 [Note] InnoDB: Completed initialization of buffer pool
2018-09-23 11:03:10 7020 [Note] InnoDB: Highest supported file format is Barracuda.
2018-09-23 11:03:10 7020 [Note] InnoDB: The log sequence numbers 1739893 and 1739893 in ibdata files do not match the log sequence number 1771671 in the ib_logfiles!
2018-09-23 11:03:10 7020 [Note] InnoDB: Database was not shutdown normally!
2018-09-23 11:03:10 7020 [Note] InnoDB: Starting crash recovery.
2018-09-23 11:03:10 7020 [Note] InnoDB: Reading tablespace information from the .ibd files...
2018-09-23 11:03:10 7020 [Note] InnoDB: Restoring possible half-written data pages 
2018-09-23 11:03:10 7020 [Note] InnoDB: from the doublewrite buffer...
2018-09-23 11:03:10 7020 [ERROR] InnoDB: Table employee/employee_details in the InnoDB data dictionary has tablespace id 11, but tablespace with that id or name does not exist. Have you deleted or moved .ibd files? This may also be a table created with CREATE TEMPORARY TABLE whose .ibd and .frm files MySQL automatically removed, but the table still exists in the InnoDB internal data dictionary.
InnoDB: Please refer to
InnoDB: http://dev.mysql.com/doc/refman/5.6/en/innodb-troubleshooting-datadict.html
InnoDB: for how to resolve the issue.
2018-09-23 11:03:10 7020 [ERROR] InnoDB: Table mechanics_info/mechanics in the InnoDB data dictionary has tablespace id 15, but tablespace with that id or name does not exist. Have you deleted or moved .ibd files? This may also be a table created with CREATE TEMPORARY TABLE whose .ibd and .frm files MySQL automatically removed, but the table still exists in the InnoDB internal data dictionary.
InnoDB: Please refer to
InnoDB: http://dev.mysql.com/doc/refman/5.6/en/innodb-troubleshooting-datadict.html
InnoDB: for how to resolve the issue.
2018-09-23 11:03:10 7020 [Note] InnoDB: 128 rollback segment(s) are active.
2018-09-23 11:03:10 7020 [Note] InnoDB: Waiting for purge to start
2018-09-23 11:03:10 7020 [Note] InnoDB: 5.6.34 started; log sequence number 1771671
2018-09-23 11:03:10 7020 [Note] Server hostname (bind-address): '*'; port: 3306
2018-09-23 11:03:10 7020 [Note] IPv6 is available.
2018-09-23 11:03:10 7020 [Note]   - '::' resolves to '::';
2018-09-23 11:03:10 7020 [Note] Server socket created on IP: '::'.
2018-09-25 19:02:23 12004 [Note] Plugin 'FEDERATED' is disabled.
2018-09-25 19:02:23 12004 [Note] InnoDB: Using atomics to ref count buffer pool pages
2018-09-25 19:02:23 12004 [Note] InnoDB: The InnoDB memory heap is disabled
2018-09-25 19:02:23 12004 [Note] InnoDB: Mutexes and rw_locks use Windows interlocked functions
2018-09-25 19:02:23 12004 [Note] InnoDB: Memory barrier is not used
2018-09-25 19:02:23 12004 [Note] InnoDB: Compressed tables use zlib 1.2.3
2018-09-25 19:02:23 12004 [Note] InnoDB: Not using CPU crc32 instructions
2018-09-25 19:02:23 12004 [Note] InnoDB: Initializing buffer pool, size = 128.0M
2018-09-25 19:02:23 12004 [Note] InnoDB: Completed initialization of buffer pool
2018-09-25 19:02:23 12004 [Note] InnoDB: Highest supported file format is Barracuda.
2018-09-25 19:02:23 12004 [Note] InnoDB: The log sequence numbers 1739893 and 1739893 in ibdata files do not match the log sequence number 1771681 in the ib_logfiles!
2018-09-25 19:02:23 12004 [Note] InnoDB: Database was not shutdown normally!
2018-09-25 19:02:23 12004 [Note] InnoDB: Starting crash recovery.
2018-09-25 19:02:23 12004 [Note] InnoDB: Reading tablespace information from the .ibd files...
2018-09-25 19:02:23 12004 [Note] InnoDB: Restoring possible half-written data pages 
2018-09-25 19:02:23 12004 [Note] InnoDB: from the doublewrite buffer...
2018-09-25 19:02:24 12004 [ERROR] InnoDB: Table employee/employee_details in the InnoDB data dictionary has tablespace id 11, but tablespace with that id or name does not exist. Have you deleted or moved .ibd files? This may also be a table created with CREATE TEMPORARY TABLE whose .ibd and .frm files MySQL automatically removed, but the table still exists in the InnoDB internal data dictionary.
InnoDB: Please refer to
InnoDB: http://dev.mysql.com/doc/refman/5.6/en/innodb-troubleshooting-datadict.html
InnoDB: for how to resolve the issue.
2018-09-25 19:02:24 12004 [ERROR] InnoDB: Table mechanics_info/mechanics in the InnoDB data dictionary has tablespace id 15, but tablespace with that id or name does not exist. Have you deleted or moved .ibd files? This may also be a table created with CREATE TEMPORARY TABLE whose .ibd and .frm files MySQL automatically removed, but the table still exists in the InnoDB internal data dictionary.
InnoDB: Please refer to
InnoDB: http://dev.mysql.com/doc/refman/5.6/en/innodb-troubleshooting-datadict.html
InnoDB: for how to resolve the issue.
2018-09-25 19:02:24 12004 [Note] InnoDB: 128 rollback segment(s) are active.
2018-09-25 19:02:24 12004 [Note] InnoDB: Waiting for purge to start
2018-09-25 19:02:24 12004 [Note] InnoDB: 5.6.34 started; log sequence number 1771681
2018-09-25 19:02:24 12004 [Note] Server hostname (bind-address): '*'; port: 3306
2018-09-25 19:02:24 12004 [Note] IPv6 is available.
2018-09-25 19:02:24 12004 [Note]   - '::' resolves to '::';
2018-09-25 19:02:24 12004 [Note] Server socket created on IP: '::'.
2018-09-29 09:55:14 7072 [Note] Plugin 'FEDERATED' is disabled.
2018-09-29 09:55:14 7072 [Note] InnoDB: Using atomics to ref count buffer pool pages
2018-09-29 09:55:14 7072 [Note] InnoDB: The InnoDB memory heap is disabled
2018-09-29 09:55:14 7072 [Note] InnoDB: Mutexes and rw_locks use Windows interlocked functions
2018-09-29 09:55:14 7072 [Note] InnoDB: Memory barrier is not used
2018-09-29 09:55:14 7072 [Note] InnoDB: Compressed tables use zlib 1.2.3
2018-09-29 09:55:14 7072 [Note] InnoDB: Not using CPU crc32 instructions
2018-09-29 09:55:14 7072 [Note] InnoDB: Initializing buffer pool, size = 128.0M
2018-09-29 09:55:14 7072 [Note] InnoDB: Completed initialization of buffer pool
2018-09-29 09:55:14 7072 [Note] InnoDB: Highest supported file format is Barracuda.
2018-09-29 09:55:14 7072 [Note] InnoDB: The log sequence numbers 1739893 and 1739893 in ibdata files do not match the log sequence number 1771817 in the ib_logfiles!
2018-09-29 09:55:14 7072 [Note] InnoDB: Database was not shutdown normally!
2018-09-29 09:55:14 7072 [Note] InnoDB: Starting crash recovery.
2018-09-29 09:55:14 7072 [Note] InnoDB: Reading tablespace information from the .ibd files...
2018-09-29 09:55:14 7072 [Note] InnoDB: Restoring possible half-written data pages 
2018-09-29 09:55:14 7072 [Note] InnoDB: from the doublewrite buffer...
2018-09-29 09:55:14 7072 [ERROR] InnoDB: Table employee/employee_details in the InnoDB data dictionary has tablespace id 11, but tablespace with that id or name does not exist. Have you deleted or moved .ibd files? This may also be a table created with CREATE TEMPORARY TABLE whose .ibd and .frm files MySQL automatically removed, but the table still exists in the InnoDB internal data dictionary.
InnoDB: Please refer to
InnoDB: http://dev.mysql.com/doc/refman/5.6/en/innodb-troubleshooting-datadict.html
InnoDB: for how to resolve the issue.
2018-09-29 09:55:14 7072 [ERROR] InnoDB: Table mechanics_info/mechanics in the InnoDB data dictionary has tablespace id 15, but tablespace with that id or name does not exist. Have you deleted or moved .ibd files? This may also be a table created with CREATE TEMPORARY TABLE whose .ibd and .frm files MySQL automatically removed, but the table still exists in the InnoDB internal data dictionary.
InnoDB: Please refer to
InnoDB: http://dev.mysql.com/doc/refman/5.6/en/innodb-troubleshooting-datadict.html
InnoDB: for how to resolve the issue.
2018-09-29 09:55:14 7072 [Note] InnoDB: 128 rollback segment(s) are active.
2018-09-29 09:55:14 7072 [Note] InnoDB: Waiting for purge to start
2018-09-29 09:55:14 7072 [Note] InnoDB: 5.6.34 started; log sequence number 1771817
2018-09-29 09:55:14 7072 [Note] Server hostname (bind-address): '*'; port: 3306
2018-09-29 09:55:14 7072 [Note] IPv6 is available.
2018-09-29 09:55:14 7072 [Note]   - '::' resolves to '::';
2018-09-29 09:55:14 7072 [Note] Server socket created on IP: '::'.
2018-10-04 11:17:27 6896 [Note] Plugin 'FEDERATED' is disabled.
2018-10-04 11:17:27 6896 [Note] InnoDB: Using atomics to ref count buffer pool pages
2018-10-04 11:17:27 6896 [Note] InnoDB: The InnoDB memory heap is disabled
2018-10-04 11:17:27 6896 [Note] InnoDB: Mutexes and rw_locks use Windows interlocked functions
2018-10-04 11:17:27 6896 [Note] InnoDB: Memory barrier is not used
2018-10-04 11:17:27 6896 [Note] InnoDB: Compressed tables use zlib 1.2.3
2018-10-04 11:17:27 6896 [Note] InnoDB: Not using CPU crc32 instructions
2018-10-04 11:17:27 6896 [Note] InnoDB: Initializing buffer pool, size = 128.0M
2018-10-04 11:17:27 6896 [Note] InnoDB: Completed initialization of buffer pool
2018-10-04 11:17:27 6896 [Note] InnoDB: Highest supported file format is Barracuda.
2018-10-04 11:17:27 6896 [Note] InnoDB: The log sequence numbers 1739893 and 1739893 in ibdata files do not match the log sequence number 1771827 in the ib_logfiles!
2018-10-04 11:17:27 6896 [Note] InnoDB: Database was not shutdown normally!
2018-10-04 11:17:27 6896 [Note] InnoDB: Starting crash recovery.
2018-10-04 11:17:27 6896 [Note] InnoDB: Reading tablespace information from the .ibd files...
2018-10-04 11:17:27 6896 [Note] InnoDB: Restoring possible half-written data pages 
2018-10-04 11:17:27 6896 [Note] InnoDB: from the doublewrite buffer...
2018-10-04 11:17:27 6896 [ERROR] InnoDB: Table employee/employee_details in the InnoDB data dictionary has tablespace id 11, but tablespace with that id or name does not exist. Have you deleted or moved .ibd files? This may also be a table created with CREATE TEMPORARY TABLE whose .ibd and .frm files MySQL automatically removed, but the table still exists in the InnoDB internal data dictionary.
InnoDB: Please refer to
InnoDB: http://dev.mysql.com/doc/refman/5.6/en/innodb-troubleshooting-datadict.html
InnoDB: for how to resolve the issue.
2018-10-04 11:17:27 6896 [ERROR] InnoDB: Table mechanics_info/mechanics in the InnoDB data dictionary has tablespace id 15, but tablespace with that id or name does not exist. Have you deleted or moved .ibd files? This may also be a table created with CREATE TEMPORARY TABLE whose .ibd and .frm files MySQL automatically removed, but the table still exists in the InnoDB internal data dictionary.
InnoDB: Please refer to
InnoDB: http://dev.mysql.com/doc/refman/5.6/en/innodb-troubleshooting-datadict.html
InnoDB: for how to resolve the issue.
2018-10-04 11:17:27 6896 [Note] InnoDB: 128 rollback segment(s) are active.
2018-10-04 11:17:27 6896 [Note] InnoDB: Waiting for purge to start
2018-10-04 11:17:27 6896 [Note] InnoDB: 5.6.34 started; log sequence number 1771827
2018-10-04 11:17:27 6896 [Note] Server hostname (bind-address): '*'; port: 3306
2018-10-04 11:17:27 6896 [Note] IPv6 is available.
2018-10-04 11:17:27 6896 [Note]   - '::' resolves to '::';
2018-10-04 11:17:27 6896 [Note] Server socket created on IP: '::'.
2018-10-04 12:02:50 8240 [Note] Plugin 'FEDERATED' is disabled.
2018-10-04 12:02:50 8240 [Note] InnoDB: Using atomics to ref count buffer pool pages
2018-10-04 12:02:50 8240 [Note] InnoDB: The InnoDB memory heap is disabled
2018-10-04 12:02:50 8240 [Note] InnoDB: Mutexes and rw_locks use Windows interlocked functions
2018-10-04 12:02:50 8240 [Note] InnoDB: Memory barrier is not used
2018-10-04 12:02:50 8240 [Note] InnoDB: Compressed tables use zlib 1.2.3
2018-10-04 12:02:50 8240 [Note] InnoDB: Not using CPU crc32 instructions
2018-10-04 12:02:50 8240 [Note] InnoDB: Initializing buffer pool, size = 128.0M
2018-10-04 12:02:50 8240 [Note] InnoDB: Completed initialization of buffer pool
2018-10-04 12:02:50 8240 [Note] InnoDB: Highest supported file format is Barracuda.
2018-10-04 12:02:50 8240 [Note] InnoDB: The log sequence numbers 1739893 and 1739893 in ibdata files do not match the log sequence number 1772053 in the ib_logfiles!
2018-10-04 12:02:50 8240 [Note] InnoDB: Database was not shutdown normally!
2018-10-04 12:02:50 8240 [Note] InnoDB: Starting crash recovery.
2018-10-04 12:02:50 8240 [Note] InnoDB: Reading tablespace information from the .ibd files...
2018-10-04 12:02:50 8240 [Note] InnoDB: Restoring possible half-written data pages 
2018-10-04 12:02:50 8240 [Note] InnoDB: from the doublewrite buffer...
2018-10-04 12:02:50 8240 [ERROR] InnoDB: Table employee/employee_details in the InnoDB data dictionary has tablespace id 11, but tablespace with that id or name does not exist. Have you deleted or moved .ibd files? This may also be a table created with CREATE TEMPORARY TABLE whose .ibd and .frm files MySQL automatically removed, but the table still exists in the InnoDB internal data dictionary.
InnoDB: Please refer to
InnoDB: http://dev.mysql.com/doc/refman/5.6/en/innodb-troubleshooting-datadict.html
InnoDB: for how to resolve the issue.
2018-10-04 12:02:50 8240 [ERROR] InnoDB: Table mechanics_info/mechanics in the InnoDB data dictionary has tablespace id 15, but tablespace with that id or name does not exist. Have you deleted or moved .ibd files? This may also be a table created with CREATE TEMPORARY TABLE whose .ibd and .frm files MySQL automatically removed, but the table still exists in the InnoDB internal data dictionary.
InnoDB: Please refer to
InnoDB: http://dev.mysql.com/doc/refman/5.6/en/innodb-troubleshooting-datadict.html
InnoDB: for how to resolve the issue.
2018-10-04 12:02:50 8240 [Note] InnoDB: 128 rollback segment(s) are active.
2018-10-04 12:02:50 8240 [Note] InnoDB: Waiting for purge to start
2018-10-04 12:02:50 8240 [Note] InnoDB: 5.6.34 started; log sequence number 1772053
2018-10-04 12:02:50 8240 [Note] Server hostname (bind-address): '*'; port: 3306
2018-10-04 12:02:50 8240 [Note] IPv6 is available.
2018-10-04 12:02:50 8240 [Note]   - '::' resolves to '::';
2018-10-04 12:02:50 8240 [Note] Server socket created on IP: '::'.
2018-10-04 12:17:04 11496 [Note] Plugin 'FEDERATED' is disabled.
2018-10-04 12:17:04 11496 [Note] InnoDB: Using atomics to ref count buffer pool pages
2018-10-04 12:17:04 11496 [Note] InnoDB: The InnoDB memory heap is disabled
2018-10-04 12:17:04 11496 [Note] InnoDB: Mutexes and rw_locks use Windows interlocked functions
2018-10-04 12:17:04 11496 [Note] InnoDB: Memory barrier is not used
2018-10-04 12:17:04 11496 [Note] InnoDB: Compressed tables use zlib 1.2.3
2018-10-04 12:17:04 11496 [Note] InnoDB: Not using CPU crc32 instructions
2018-10-04 12:17:04 11496 [Note] InnoDB: Initializing buffer pool, size = 128.0M
2018-10-04 12:17:04 11496 [Note] InnoDB: Completed initialization of buffer pool
2018-10-04 12:17:04 11496 [ERROR] InnoDB: C:\Users\KIIT\Desktop\BREAKMECH\mysql\data\ibdata1 can't be opened in read-write mode
2018-10-04 12:17:04 11496 [ERROR] InnoDB: The system tablespace must be writable!
2018-10-04 12:17:04 11496 [ERROR] Plugin 'InnoDB' init function returned error.
2018-10-04 12:17:04 11496 [ERROR] Plugin 'InnoDB' registration as a STORAGE ENGINE failed.
2018-10-04 12:17:04 11496 [ERROR] Unknown/unsupported storage engine: InnoDB
2018-10-04 12:17:04 11496 [ERROR] Aborting

2018-10-04 12:17:04 11496 [Note] Binlog end
2018-10-04 12:17:04 11496 [Note] Shutting down plugin 'partition'
2018-10-04 12:17:04 11496 [Note] Shutting down plugin 'PERFORMANCE_SCHEMA'
2018-10-04 12:17:04 11496 [Note] Shutting down plugin 'INNODB_SYS_DATAFILES'
2018-10-04 12:17:04 11496 [Note] Shutting down plugin 'INNODB_SYS_TABLESPACES'
2018-10-04 12:17:04 11496 [Note] Shutting down plugin 'INNODB_SYS_FOREIGN_COLS'
2018-10-04 12:17:04 11496 [Note] Shutting down plugin 'INNODB_SYS_FOREIGN'
2018-10-04 12:17:04 11496 [Note] Shutting down plugin 'INNODB_SYS_FIELDS'
2018-10-04 12:17:04 11496 [Note] Shutting down plugin 'INNODB_SYS_COLUMNS'
2018-10-04 12:17:04 11496 [Note] Shutting down plugin 'INNODB_SYS_INDEXES'
2018-10-04 12:17:04 11496 [Note] Shutting down plugin 'INNODB_SYS_TABLESTATS'
2018-10-04 12:17:04 11496 [Note] Shutting down plugin 'INNODB_SYS_TABLES'
2018-10-04 12:17:04 11496 [Note] Shutting down plugin 'INNODB_FT_INDEX_TABLE'
2018-10-04 12:17:04 11496 [Note] Shutting down plugin 'INNODB_FT_INDEX_CACHE'
2018-10-04 12:17:04 11496 [Note] Shutting down plugin 'INNODB_FT_CONFIG'
2018-10-04 12:17:04 11496 [Note] Shutting down plugin 'INNODB_FT_BEING_DELETED'
2018-10-04 12:17:04 11496 [Note] Shutting down plugin 'INNODB_FT_DELETED'
2018-10-04 12:17:04 11496 [Note] Shutting down plugin 'INNODB_FT_DEFAULT_STOPWORD'
2018-10-04 12:17:04 11496 [Note] Shutting down plugin 'INNODB_METRICS'
2018-10-04 12:17:04 11496 [Note] Shutting down plugin 'INNODB_BUFFER_POOL_STATS'
2018-10-04 12:17:04 11496 [Note] Shutting down plugin 'INNODB_BUFFER_PAGE_LRU'
2018-10-04 12:17:04 11496 [Note] Shutting down plugin 'INNODB_BUFFER_PAGE'
2018-10-04 12:17:04 11496 [Note] Shutting down plugin 'INNODB_CMP_PER_INDEX_RESET'
2018-10-04 12:17:04 11496 [Note] Shutting down plugin 'INNODB_CMP_PER_INDEX'
2018-10-04 12:17:04 11496 [Note] Shutting down plugin 'INNODB_CMPMEM_RESET'
2018-10-04 12:17:04 11496 [Note] Shutting down plugin 'INNODB_CMPMEM'
2018-10-04 12:17:04 11496 [Note] Shutting down plugin 'INNODB_CMP_RESET'
2018-10-04 12:17:04 11496 [Note] Shutting down plugin 'INNODB_CMP'
2018-10-04 12:17:04 11496 [Note] Shutting down plugin 'INNODB_LOCK_WAITS'
2018-10-04 12:17:04 11496 [Note] Shutting down plugin 'INNODB_LOCKS'
2018-10-04 12:17:04 11496 [Note] Shutting down plugin 'INNODB_TRX'
2018-10-04 12:17:04 11496 [Note] Shutting down plugin 'BLACKHOLE'
2018-10-04 12:17:04 11496 [Note] Shutting down plugin 'ARCHIVE'
2018-10-04 12:17:04 11496 [Note] Shutting down plugin 'MRG_MYISAM'
2018-10-04 12:17:04 11496 [Note] Shutting down plugin 'MyISAM'
2018-10-04 12:17:04 11496 [Note] Shutting down plugin 'MEMORY'
2018-10-04 12:17:04 11496 [Note] Shutting down plugin 'CSV'
2018-10-04 12:17:04 11496 [Note] Shutting down plugin 'sha256_password'
2018-10-04 12:17:04 11496 [Note] Shutting down plugin 'mysql_old_password'
2018-10-04 12:17:04 11496 [Note] Shutting down plugin 'mysql_native_password'
2018-10-04 12:17:04 11496 [Note] Shutting down plugin 'binlog'
2018-10-04 12:17:04 11496 [Note] C:\Users\KIIT\Desktop\BREAKMECH/mysql/bin/mysqld_usbwv8.exe: Shutdown complete

2018-10-04 12:30:50 8636 [Note] Plugin 'FEDERATED' is disabled.
2018-10-04 12:30:50 8636 [Note] InnoDB: Using atomics to ref count buffer pool pages
2018-10-04 12:30:50 8636 [Note] InnoDB: The InnoDB memory heap is disabled
2018-10-04 12:30:50 8636 [Note] InnoDB: Mutexes and rw_locks use Windows interlocked functions
2018-10-04 12:30:50 8636 [Note] InnoDB: Memory barrier is not used
2018-10-04 12:30:50 8636 [Note] InnoDB: Compressed tables use zlib 1.2.3
2018-10-04 12:30:50 8636 [Note] InnoDB: Not using CPU crc32 instructions
2018-10-04 12:30:50 8636 [Note] InnoDB: Initializing buffer pool, size = 128.0M
2018-10-04 12:30:50 8636 [Note] InnoDB: Completed initialization of buffer pool
2018-10-04 12:30:50 8636 [ERROR] InnoDB: C:\Users\KIIT\Desktop\BREAKMECH\mysql\data\ibdata1 can't be opened in read-write mode
2018-10-04 12:30:50 8636 [ERROR] InnoDB: The system tablespace must be writable!
2018-10-04 12:30:50 8636 [ERROR] Plugin 'InnoDB' init function returned error.
2018-10-04 12:30:50 8636 [ERROR] Plugin 'InnoDB' registration as a STORAGE ENGINE failed.
2018-10-04 12:30:50 8636 [ERROR] Unknown/unsupported storage engine: InnoDB
2018-10-04 12:30:50 8636 [ERROR] Aborting

2018-10-04 12:30:50 8636 [Note] Binlog end
2018-10-04 12:30:50 8636 [Note] Shutting down plugin 'partition'
2018-10-04 12:30:50 8636 [Note] Shutting down plugin 'PERFORMANCE_SCHEMA'
2018-10-04 12:30:50 8636 [Note] Shutting down plugin 'INNODB_SYS_DATAFILES'
2018-10-04 12:30:50 8636 [Note] Shutting down plugin 'INNODB_SYS_TABLESPACES'
2018-10-04 12:30:50 8636 [Note] Shutting down plugin 'INNODB_SYS_FOREIGN_COLS'
2018-10-04 12:30:50 8636 [Note] Shutting down plugin 'INNODB_SYS_FOREIGN'
2018-10-04 12:30:50 8636 [Note] Shutting down plugin 'INNODB_SYS_FIELDS'
2018-10-04 12:30:50 8636 [Note] Shutting down plugin 'INNODB_SYS_COLUMNS'
2018-10-04 12:30:50 8636 [Note] Shutting down plugin 'INNODB_SYS_INDEXES'
2018-10-04 12:30:50 8636 [Note] Shutting down plugin 'INNODB_SYS_TABLESTATS'
2018-10-04 12:30:50 8636 [Note] Shutting down plugin 'INNODB_SYS_TABLES'
2018-10-04 12:30:50 8636 [Note] Shutting down plugin 'INNODB_FT_INDEX_TABLE'
2018-10-04 12:30:50 8636 [Note] Shutting down plugin 'INNODB_FT_INDEX_CACHE'
2018-10-04 12:30:50 8636 [Note] Shutting down plugin 'INNODB_FT_CONFIG'
2018-10-04 12:30:50 8636 [Note] Shutting down plugin 'INNODB_FT_BEING_DELETED'
2018-10-04 12:30:50 8636 [Note] Shutting down plugin 'INNODB_FT_DELETED'
2018-10-04 12:30:50 8636 [Note] Shutting down plugin 'INNODB_FT_DEFAULT_STOPWORD'
2018-10-04 12:30:50 8636 [Note] Shutting down plugin 'INNODB_METRICS'
2018-10-04 12:30:50 8636 [Note] Shutting down plugin 'INNODB_BUFFER_POOL_STATS'
2018-10-04 12:30:50 8636 [Note] Shutting down plugin 'INNODB_BUFFER_PAGE_LRU'
2018-10-04 12:30:50 8636 [Note] Shutting down plugin 'INNODB_BUFFER_PAGE'
2018-10-04 12:30:50 8636 [Note] Shutting down plugin 'INNODB_CMP_PER_INDEX_RESET'
2018-10-04 12:30:50 8636 [Note] Shutting down plugin 'INNODB_CMP_PER_INDEX'
2018-10-04 12:30:50 8636 [Note] Shutting down plugin 'INNODB_CMPMEM_RESET'
2018-10-04 12:30:50 8636 [Note] Shutting down plugin 'INNODB_CMPMEM'
2018-10-04 12:30:50 8636 [Note] Shutting down plugin 'INNODB_CMP_RESET'
2018-10-04 12:30:50 8636 [Note] Shutting down plugin 'INNODB_CMP'
2018-10-04 12:30:50 8636 [Note] Shutting down plugin 'INNODB_LOCK_WAITS'
2018-10-04 12:30:50 8636 [Note] Shutting down plugin 'INNODB_LOCKS'
2018-10-04 12:30:50 8636 [Note] Shutting down plugin 'INNODB_TRX'
2018-10-04 12:30:50 8636 [Note] Shutting down plugin 'BLACKHOLE'
2018-10-04 12:30:50 8636 [Note] Shutting down plugin 'ARCHIVE'
2018-10-04 12:30:50 8636 [Note] Shutting down plugin 'MRG_MYISAM'
2018-10-04 12:30:50 8636 [Note] Shutting down plugin 'MyISAM'
2018-10-04 12:30:50 8636 [Note] Shutting down plugin 'MEMORY'
2018-10-04 12:30:50 8636 [Note] Shutting down plugin 'CSV'
2018-10-04 12:30:50 8636 [Note] Shutting down plugin 'sha256_password'
2018-10-04 12:30:50 8636 [Note] Shutting down plugin 'mysql_old_password'
2018-10-04 12:30:50 8636 [Note] Shutting down plugin 'mysql_native_password'
2018-10-04 12:30:50 8636 [Note] Shutting down plugin 'binlog'
2018-10-04 12:30:50 8636 [Note] C:\Users\KIIT\Desktop\BREAKMECH/mysql/bin/mysqld_usbwv8.exe: Shutdown complete

2018-10-31 14:57:20 11732 [Note] Plugin 'FEDERATED' is disabled.
2018-10-31 14:57:20 11732 [Note] InnoDB: Using atomics to ref count buffer pool pages
2018-10-31 14:57:20 11732 [Note] InnoDB: The InnoDB memory heap is disabled
2018-10-31 14:57:20 11732 [Note] InnoDB: Mutexes and rw_locks use Windows interlocked functions
2018-10-31 14:57:20 11732 [Note] InnoDB: Memory barrier is not used
2018-10-31 14:57:20 11732 [Note] InnoDB: Compressed tables use zlib 1.2.3
2018-10-31 14:57:20 11732 [Note] InnoDB: Not using CPU crc32 instructions
2018-10-31 14:57:20 11732 [Note] InnoDB: Initializing buffer pool, size = 128.0M
2018-10-31 14:57:20 11732 [Note] InnoDB: Completed initialization of buffer pool
2018-10-31 14:57:20 11732 [Note] InnoDB: Highest supported file format is Barracuda.
2018-10-31 14:57:20 11732 [Note] InnoDB: The log sequence numbers 1739893 and 1739893 in ibdata files do not match the log sequence number 1785540 in the ib_logfiles!
2018-10-31 14:57:20 11732 [Note] InnoDB: Database was not shutdown normally!
2018-10-31 14:57:20 11732 [Note] InnoDB: Starting crash recovery.
2018-10-31 14:57:20 11732 [Note] InnoDB: Reading tablespace information from the .ibd files...
2018-10-31 14:57:20 11732 [Note] InnoDB: Restoring possible half-written data pages 
2018-10-31 14:57:20 11732 [Note] InnoDB: from the doublewrite buffer...
2018-10-31 14:57:20 11732 [ERROR] InnoDB: Table employee/employee_details in the InnoDB data dictionary has tablespace id 11, but tablespace with that id or name does not exist. Have you deleted or moved .ibd files? This may also be a table created with CREATE TEMPORARY TABLE whose .ibd and .frm files MySQL automatically removed, but the table still exists in the InnoDB internal data dictionary.
InnoDB: Please refer to
InnoDB: http://dev.mysql.com/doc/refman/5.6/en/innodb-troubleshooting-datadict.html
InnoDB: for how to resolve the issue.
2018-10-31 14:57:20 11732 [ERROR] InnoDB: Table mechanics_info/mechanics in the InnoDB data dictionary has tablespace id 15, but tablespace with that id or name does not exist. Have you deleted or moved .ibd files? This may also be a table created with CREATE TEMPORARY TABLE whose .ibd and .frm files MySQL automatically removed, but the table still exists in the InnoDB internal data dictionary.
InnoDB: Please refer to
InnoDB: http://dev.mysql.com/doc/refman/5.6/en/innodb-troubleshooting-datadict.html
InnoDB: for how to resolve the issue.
2018-10-31 14:57:20 11732 [Note] InnoDB: 128 rollback segment(s) are active.
2018-10-31 14:57:20 11732 [Note] InnoDB: Waiting for purge to start
2018-10-31 14:57:20 11732 [Note] InnoDB: 5.6.34 started; log sequence number 1785540
2018-10-31 14:57:20 11732 [Note] Server hostname (bind-address): '*'; port: 3306
2018-10-31 14:57:20 11732 [Note] IPv6 is available.
2018-10-31 14:57:20 11732 [Note]   - '::' resolves to '::';
2018-10-31 14:57:20 11732 [Note] Server socket created on IP: '::'.
